Flow report for KP
Tue May 14 03:45:33 2019
Quartus II Version 9.1 Build 222 10/21/2009 SJ Web Edition


---------------------
; Table of Contents ;
---------------------
  1. Legal Notice
  2. Flow Summary
  3. Flow Settings
  4. Flow Non-Default Global Settings
  5. Flow Elapsed Time
  6. Flow OS Summary
  7. Flow Log



----------------
; Legal Notice ;
----------------
Copyright (C) 1991-2009 Altera Corporation
Your use of Altera Corporation's design tools, logic functions 
and other software and tools, and its AMPP partner logic 
functions, and any output files from any of the foregoing 
(including device programming or simulation files), and any 
associated documentation or information are expressly subject 
to the terms and conditions of the Altera Program License 
Subscription Agreement, Altera MegaCore Function License 
Agreement, or other applicable license agreement, including, 
without limitation, that your use is for the sole purpose of 
programming logic devices manufactured by Altera and sold by 
Altera or its authorized distributors.  Please refer to the 
applicable agreement for further details.



+-------------------------------------------------------------------------+
; Flow Summary                                                            ;
+-------------------------------+-----------------------------------------+
; Flow Status                   ; Successful - Tue May 14 03:45:32 2019   ;
; Quartus II Version            ; 9.1 Build 222 10/21/2009 SJ Web Edition ;
; Revision Name                 ; KP                                      ;
; Top-level Entity Name         ; CU                                      ;
; Family                        ; Stratix II                              ;
; Met timing requirements       ; No                                      ;
; Logic utilization             ; 72 %                                    ;
;     Combinational ALUTs       ; 4,118 / 12,480 ( 33 % )                 ;
;     Dedicated logic registers ; 6,493 / 12,480 ( 52 % )                 ;
; Total registers               ; 6493                                    ;
; Total pins                    ; 170 / 343 ( 50 % )                      ;
; Total virtual pins            ; 0                                       ;
; Total block memory bits       ; 90,112 / 419,328 ( 21 % )               ;
; DSP block 9-bit elements      ; 0 / 96 ( 0 % )                          ;
; Total PLLs                    ; 0 / 6 ( 0 % )                           ;
; Total DLLs                    ; 0 / 2 ( 0 % )                           ;
; Device                        ; EP2S15F484C3                            ;
; Timing Models                 ; Final                                   ;
+-------------------------------+-----------------------------------------+


+-----------------------------------------+
; Flow Settings                           ;
+-------------------+---------------------+
; Option            ; Setting             ;
+-------------------+---------------------+
; Start date & time ; 05/14/2019 03:43:53 ;
; Main task         ; Compilation         ;
; Revision Name     ; KP                  ;
+-------------------+---------------------+


+---------------------------------------------------------------------------------------------------------------------+
; Flow Non-Default Global Settings                                                                                    ;
+------------------------------------+---------------------------------+---------------+-------------+----------------+
; Assignment Name                    ; Value                           ; Default Value ; Entity Name ; Section Id     ;
+------------------------------------+---------------------------------+---------------+-------------+----------------+
; COMPILER_SIGNATURE_ID              ; 128454772840284.155779463205672 ; --            ; --          ; --             ;
; IP_TOOL_NAME                       ; LPM_FF                          ; --            ; --          ; --             ;
; IP_TOOL_NAME                       ; LPM_MUX                         ; --            ; --          ; --             ;
; IP_TOOL_NAME                       ; LPM_BUSTRI                      ; --            ; --          ; --             ;
; IP_TOOL_NAME                       ; LPM_DECODE                      ; --            ; --          ; --             ;
; IP_TOOL_NAME                       ; LPM_COUNTER                     ; --            ; --          ; --             ;
; IP_TOOL_NAME                       ; LPM_COMPARE                     ; --            ; --          ; --             ;
; IP_TOOL_NAME                       ; LPM_ROM                         ; --            ; --          ; --             ;
; IP_TOOL_NAME                       ; LPM_BUSTRI                      ; --            ; --          ; --             ;
; IP_TOOL_NAME                       ; LPM_RAM_DQ                      ; --            ; --          ; --             ;
; IP_TOOL_NAME                       ; LPM_MUX                         ; --            ; --          ; --             ;
; IP_TOOL_NAME                       ; LPM_BUSTRI                      ; --            ; --          ; --             ;
; IP_TOOL_NAME                       ; LPM_FF                          ; --            ; --          ; --             ;
; IP_TOOL_NAME                       ; LPM_DECODE                      ; --            ; --          ; --             ;
; IP_TOOL_NAME                       ; LPM_MUX                         ; --            ; --          ; --             ;
; IP_TOOL_NAME                       ; LPM_COMPARE                     ; --            ; --          ; --             ;
; IP_TOOL_NAME                       ; LPM_COUNTER                     ; --            ; --          ; --             ;
; IP_TOOL_NAME                       ; LPM_COMPARE                     ; --            ; --          ; --             ;
; IP_TOOL_NAME                       ; LPM_DECODE                      ; --            ; --          ; --             ;
; IP_TOOL_NAME                       ; LPM_FF                          ; --            ; --          ; --             ;
; IP_TOOL_NAME                       ; LPM_MUX                         ; --            ; --          ; --             ;
; IP_TOOL_NAME                       ; LPM_MUX                         ; --            ; --          ; --             ;
; IP_TOOL_NAME                       ; LPM_FF                          ; --            ; --          ; --             ;
; IP_TOOL_NAME                       ; LPM_DECODE                      ; --            ; --          ; --             ;
; IP_TOOL_NAME                       ; LPM_MUX                         ; --            ; --          ; --             ;
; IP_TOOL_NAME                       ; LPM_MUX                         ; --            ; --          ; --             ;
; IP_TOOL_NAME                       ; LPM_MUX                         ; --            ; --          ; --             ;
; IP_TOOL_NAME                       ; LPM_BUSTRI                      ; --            ; --          ; --             ;
; IP_TOOL_NAME                       ; LPM_MUX                         ; --            ; --          ; --             ;
; IP_TOOL_NAME                       ; LPM_COUNTER                     ; --            ; --          ; --             ;
; IP_TOOL_NAME                       ; LPM_COMPARE                     ; --            ; --          ; --             ;
; IP_TOOL_NAME                       ; LPM_CONSTANT                    ; --            ; --          ; --             ;
; IP_TOOL_NAME                       ; LPM_COMPARE                     ; --            ; --          ; --             ;
; IP_TOOL_NAME                       ; LPM_COMPARE                     ; --            ; --          ; --             ;
; IP_TOOL_NAME                       ; LPM_FF                          ; --            ; --          ; --             ;
; IP_TOOL_NAME                       ; LPM_DECODE                      ; --            ; --          ; --             ;
; IP_TOOL_NAME                       ; LPM_COUNTER                     ; --            ; --          ; --             ;
; IP_TOOL_NAME                       ; LPM_COMPARE                     ; --            ; --          ; --             ;
; IP_TOOL_NAME                       ; LPM_COMPARE                     ; --            ; --          ; --             ;
; IP_TOOL_NAME                       ; LPM_ADD_SUB                     ; --            ; --          ; --             ;
; IP_TOOL_NAME                       ; LPM_ADD_SUB                     ; --            ; --          ; --             ;
; IP_TOOL_NAME                       ; LPM_COMPARE                     ; --            ; --          ; --             ;
; IP_TOOL_NAME                       ; LPM_FF                          ; --            ; --          ; --             ;
; IP_TOOL_NAME                       ; LPM_DECODE                      ; --            ; --          ; --             ;
; IP_TOOL_NAME                       ; LPM_COMPARE                     ; --            ; --          ; --             ;
; IP_TOOL_NAME                       ; LPM_ADD_SUB                     ; --            ; --          ; --             ;
; IP_TOOL_NAME                       ; LPM_OR                          ; --            ; --          ; --             ;
; IP_TOOL_NAME                       ; LPM_INV                         ; --            ; --          ; --             ;
; IP_TOOL_NAME                       ; LPM_MUX                         ; --            ; --          ; --             ;
; IP_TOOL_NAME                       ; LPM_SHIFTREG                    ; --            ; --          ; --             ;
; IP_TOOL_NAME                       ; LPM_COMPARE                     ; --            ; --          ; --             ;
; IP_TOOL_NAME                       ; LPM_FF                          ; --            ; --          ; --             ;
; IP_TOOL_NAME                       ; LPM_BUSTRI                      ; --            ; --          ; --             ;
; IP_TOOL_NAME                       ; LPM_BUSTRI                      ; --            ; --          ; --             ;
; IP_TOOL_NAME                       ; LPM_COUNTER                     ; --            ; --          ; --             ;
; IP_TOOL_NAME                       ; LPM_COUNTER                     ; --            ; --          ; --             ;
; IP_TOOL_NAME                       ; LPM_OR                          ; --            ; --          ; --             ;
; IP_TOOL_NAME                       ; LPM_DECODE                      ; --            ; --          ; --             ;
; IP_TOOL_NAME                       ; LPM_FF                          ; --            ; --          ; --             ;
; IP_TOOL_NAME                       ; LPM_COMPARE                     ; --            ; --          ; --             ;
; IP_TOOL_NAME                       ; LPM_COMPARE                     ; --            ; --          ; --             ;
; IP_TOOL_NAME                       ; LPM_COMPARE                     ; --            ; --          ; --             ;
; IP_TOOL_NAME                       ; LPM_ADD_SUB                     ; --            ; --          ; --             ;
; IP_TOOL_NAME                       ; LPM_CONSTANT                    ; --            ; --          ; --             ;
; IP_TOOL_NAME                       ; LPM_CONSTANT                    ; --            ; --          ; --             ;
; IP_TOOL_NAME                       ; LPM_ADD_SUB                     ; --            ; --          ; --             ;
; IP_TOOL_NAME                       ; LPM_FF                          ; --            ; --          ; --             ;
; IP_TOOL_NAME                       ; LPM_DECODE                      ; --            ; --          ; --             ;
; IP_TOOL_NAME                       ; LPM_ADD_SUB                     ; --            ; --          ; --             ;
; IP_TOOL_VERSION                    ; 9.1                             ; --            ; --          ; --             ;
; IP_TOOL_VERSION                    ; 9.1                             ; --            ; --          ; --             ;
; IP_TOOL_VERSION                    ; 9.1                             ; --            ; --          ; --             ;
; IP_TOOL_VERSION                    ; 9.1                             ; --            ; --          ; --             ;
; IP_TOOL_VERSION                    ; 9.1                             ; --            ; --          ; --             ;
; IP_TOOL_VERSION                    ; 9.1                             ; --            ; --          ; --             ;
; IP_TOOL_VERSION                    ; 9.1                             ; --            ; --          ; --             ;
; IP_TOOL_VERSION                    ; 9.1                             ; --            ; --          ; --             ;
; IP_TOOL_VERSION                    ; 9.1                             ; --            ; --          ; --             ;
; IP_TOOL_VERSION                    ; 9.1                             ; --            ; --          ; --             ;
; IP_TOOL_VERSION                    ; 9.1                             ; --            ; --          ; --             ;
; IP_TOOL_VERSION                    ; 9.1                             ; --            ; --          ; --             ;
; IP_TOOL_VERSION                    ; 9.1                             ; --            ; --          ; --             ;
; IP_TOOL_VERSION                    ; 9.1                             ; --            ; --          ; --             ;
; IP_TOOL_VERSION                    ; 9.1                             ; --            ; --          ; --             ;
; IP_TOOL_VERSION                    ; 9.1                             ; --            ; --          ; --             ;
; IP_TOOL_VERSION                    ; 9.1                             ; --            ; --          ; --             ;
; IP_TOOL_VERSION                    ; 9.1                             ; --            ; --          ; --             ;
; IP_TOOL_VERSION                    ; 9.1                             ; --            ; --          ; --             ;
; IP_TOOL_VERSION                    ; 9.1                             ; --            ; --          ; --             ;
; IP_TOOL_VERSION                    ; 9.1                             ; --            ; --          ; --             ;
; IP_TOOL_VERSION                    ; 9.1                             ; --            ; --          ; --             ;
; IP_TOOL_VERSION                    ; 9.1                             ; --            ; --          ; --             ;
; IP_TOOL_VERSION                    ; 9.1                             ; --            ; --          ; --             ;
; IP_TOOL_VERSION                    ; 9.1                             ; --            ; --          ; --             ;
; IP_TOOL_VERSION                    ; 9.1                             ; --            ; --          ; --             ;
; IP_TOOL_VERSION                    ; 9.1                             ; --            ; --          ; --             ;
; IP_TOOL_VERSION                    ; 9.1                             ; --            ; --          ; --             ;
; IP_TOOL_VERSION                    ; 9.1                             ; --            ; --          ; --             ;
; IP_TOOL_VERSION                    ; 9.1                             ; --            ; --          ; --             ;
; IP_TOOL_VERSION                    ; 9.1                             ; --            ; --          ; --             ;
; IP_TOOL_VERSION                    ; 9.1                             ; --            ; --          ; --             ;
; IP_TOOL_VERSION                    ; 9.1                             ; --            ; --          ; --             ;
; IP_TOOL_VERSION                    ; 9.1                             ; --            ; --          ; --             ;
; IP_TOOL_VERSION                    ; 9.1                             ; --            ; --          ; --             ;
; IP_TOOL_VERSION                    ; 9.1                             ; --            ; --          ; --             ;
; IP_TOOL_VERSION                    ; 9.1                             ; --            ; --          ; --             ;
; IP_TOOL_VERSION                    ; 9.1                             ; --            ; --          ; --             ;
; IP_TOOL_VERSION                    ; 9.1                             ; --            ; --          ; --             ;
; IP_TOOL_VERSION                    ; 9.1                             ; --            ; --          ; --             ;
; IP_TOOL_VERSION                    ; 9.1                             ; --            ; --          ; --             ;
; IP_TOOL_VERSION                    ; 9.1                             ; --            ; --          ; --             ;
; IP_TOOL_VERSION                    ; 9.1                             ; --            ; --          ; --             ;
; IP_TOOL_VERSION                    ; 9.1                             ; --            ; --          ; --             ;
; IP_TOOL_VERSION                    ; 9.1                             ; --            ; --          ; --             ;
; IP_TOOL_VERSION                    ; 9.1                             ; --            ; --          ; --             ;
; IP_TOOL_VERSION                    ; 9.1                             ; --            ; --          ; --             ;
; IP_TOOL_VERSION                    ; 9.1                             ; --            ; --          ; --             ;
; IP_TOOL_VERSION                    ; 9.1                             ; --            ; --          ; --             ;
; IP_TOOL_VERSION                    ; 9.1                             ; --            ; --          ; --             ;
; IP_TOOL_VERSION                    ; 9.1                             ; --            ; --          ; --             ;
; IP_TOOL_VERSION                    ; 9.1                             ; --            ; --          ; --             ;
; IP_TOOL_VERSION                    ; 9.1                             ; --            ; --          ; --             ;
; IP_TOOL_VERSION                    ; 9.1                             ; --            ; --          ; --             ;
; IP_TOOL_VERSION                    ; 9.1                             ; --            ; --          ; --             ;
; IP_TOOL_VERSION                    ; 9.1                             ; --            ; --          ; --             ;
; IP_TOOL_VERSION                    ; 9.1                             ; --            ; --          ; --             ;
; IP_TOOL_VERSION                    ; 9.1                             ; --            ; --          ; --             ;
; IP_TOOL_VERSION                    ; 9.1                             ; --            ; --          ; --             ;
; IP_TOOL_VERSION                    ; 9.1                             ; --            ; --          ; --             ;
; IP_TOOL_VERSION                    ; 9.1                             ; --            ; --          ; --             ;
; IP_TOOL_VERSION                    ; 9.1                             ; --            ; --          ; --             ;
; IP_TOOL_VERSION                    ; 9.1                             ; --            ; --          ; --             ;
; IP_TOOL_VERSION                    ; 9.1                             ; --            ; --          ; --             ;
; IP_TOOL_VERSION                    ; 9.1                             ; --            ; --          ; --             ;
; IP_TOOL_VERSION                    ; 9.1                             ; --            ; --          ; --             ;
; IP_TOOL_VERSION                    ; 9.1                             ; --            ; --          ; --             ;
; IP_TOOL_VERSION                    ; 9.1                             ; --            ; --          ; --             ;
; MISC_FILE                          ; Stack/lpm_dff0.bsf              ; --            ; --          ; --             ;
; MISC_FILE                          ; Stack/lpm_dff0_inst.vhd         ; --            ; --          ; --             ;
; MISC_FILE                          ; Stack/lpm_dff0.inc              ; --            ; --          ; --             ;
; MISC_FILE                          ; Stack/lpm_dff0.cmp              ; --            ; --          ; --             ;
; MISC_FILE                          ; Stack/lpm_mux0.bsf              ; --            ; --          ; --             ;
; MISC_FILE                          ; Stack/lpm_mux0_inst.vhd         ; --            ; --          ; --             ;
; MISC_FILE                          ; Stack/lpm_mux0.inc              ; --            ; --          ; --             ;
; MISC_FILE                          ; Stack/lpm_mux0.cmp              ; --            ; --          ; --             ;
; MISC_FILE                          ; Stack/lpm_bustri0.bsf           ; --            ; --          ; --             ;
; MISC_FILE                          ; Stack/lpm_bustri0_inst.vhd      ; --            ; --          ; --             ;
; MISC_FILE                          ; Stack/lpm_bustri0.inc           ; --            ; --          ; --             ;
; MISC_FILE                          ; Stack/lpm_bustri0.cmp           ; --            ; --          ; --             ;
; MISC_FILE                          ; Stack/lpm_decode0.bsf           ; --            ; --          ; --             ;
; MISC_FILE                          ; Stack/lpm_decode0_inst.vhd      ; --            ; --          ; --             ;
; MISC_FILE                          ; Stack/lpm_decode0.inc           ; --            ; --          ; --             ;
; MISC_FILE                          ; Stack/lpm_decode0.cmp           ; --            ; --          ; --             ;
; MISC_FILE                          ; Stack/lpm_counter0.bsf          ; --            ; --          ; --             ;
; MISC_FILE                          ; Stack/lpm_counter0_inst.vhd     ; --            ; --          ; --             ;
; MISC_FILE                          ; Stack/lpm_counter0.inc          ; --            ; --          ; --             ;
; MISC_FILE                          ; Stack/lpm_counter0.cmp          ; --            ; --          ; --             ;
; MISC_FILE                          ; Stack/lpm_compare0.bsf          ; --            ; --          ; --             ;
; MISC_FILE                          ; Stack/lpm_compare0_inst.vhd     ; --            ; --          ; --             ;
; MISC_FILE                          ; Stack/lpm_compare0.inc          ; --            ; --          ; --             ;
; MISC_FILE                          ; Stack/lpm_compare0.cmp          ; --            ; --          ; --             ;
; MISC_FILE                          ; memory/lpm_rom0.bsf             ; --            ; --          ; --             ;
; MISC_FILE                          ; memory/lpm_rom0_inst.vhd        ; --            ; --          ; --             ;
; MISC_FILE                          ; memory/lpm_rom0.inc             ; --            ; --          ; --             ;
; MISC_FILE                          ; memory/lpm_rom0.cmp             ; --            ; --          ; --             ;
; MISC_FILE                          ; memory/lpm_bustri1.bsf          ; --            ; --          ; --             ;
; MISC_FILE                          ; memory/lpm_bustri1_inst.vhd     ; --            ; --          ; --             ;
; MISC_FILE                          ; memory/lpm_bustri1.inc          ; --            ; --          ; --             ;
; MISC_FILE                          ; memory/lpm_bustri1.cmp          ; --            ; --          ; --             ;
; MISC_FILE                          ; memory/lpm_ram_dq0.bsf          ; --            ; --          ; --             ;
; MISC_FILE                          ; memory/lpm_ram_dq0_inst.vhd     ; --            ; --          ; --             ;
; MISC_FILE                          ; memory/lpm_ram_dq0.inc          ; --            ; --          ; --             ;
; MISC_FILE                          ; memory/lpm_ram_dq0.cmp          ; --            ; --          ; --             ;
; MISC_FILE                          ; memory/lpm_mux1.bsf             ; --            ; --          ; --             ;
; MISC_FILE                          ; memory/lpm_mux1_inst.vhd        ; --            ; --          ; --             ;
; MISC_FILE                          ; memory/lpm_mux1.inc             ; --            ; --          ; --             ;
; MISC_FILE                          ; memory/lpm_mux1.cmp             ; --            ; --          ; --             ;
; MISC_FILE                          ; memory/lpm_bustri2.bsf          ; --            ; --          ; --             ;
; MISC_FILE                          ; memory/lpm_bustri2_inst.vhd     ; --            ; --          ; --             ;
; MISC_FILE                          ; memory/lpm_bustri2.inc          ; --            ; --          ; --             ;
; MISC_FILE                          ; memory/lpm_bustri2.cmp          ; --            ; --          ; --             ;
; MISC_FILE                          ; RON/lpm_dff1.bsf                ; --            ; --          ; --             ;
; MISC_FILE                          ; RON/lpm_dff1_inst.vhd           ; --            ; --          ; --             ;
; MISC_FILE                          ; RON/lpm_dff1.inc                ; --            ; --          ; --             ;
; MISC_FILE                          ; RON/lpm_dff1.cmp                ; --            ; --          ; --             ;
; MISC_FILE                          ; RON/lpm_decode1.bsf             ; --            ; --          ; --             ;
; MISC_FILE                          ; RON/lpm_decode1_inst.vhd        ; --            ; --          ; --             ;
; MISC_FILE                          ; RON/lpm_decode1.inc             ; --            ; --          ; --             ;
; MISC_FILE                          ; RON/lpm_decode1.cmp             ; --            ; --          ; --             ;
; MISC_FILE                          ; RON/lpm_mux2.bsf                ; --            ; --          ; --             ;
; MISC_FILE                          ; RON/lpm_mux2_inst.vhd           ; --            ; --          ; --             ;
; MISC_FILE                          ; RON/lpm_mux2.inc                ; --            ; --          ; --             ;
; MISC_FILE                          ; RON/lpm_mux2.cmp                ; --            ; --          ; --             ;
; MISC_FILE                          ; Stack/lpm_compare1.bsf          ; --            ; --          ; --             ;
; MISC_FILE                          ; Stack/lpm_compare1_inst.vhd     ; --            ; --          ; --             ;
; MISC_FILE                          ; Stack/lpm_compare1.inc          ; --            ; --          ; --             ;
; MISC_FILE                          ; Stack/lpm_compare1.cmp          ; --            ; --          ; --             ;
; MISC_FILE                          ; Stack/lpm_counter1.bsf          ; --            ; --          ; --             ;
; MISC_FILE                          ; Stack/lpm_counter1_inst.vhd     ; --            ; --          ; --             ;
; MISC_FILE                          ; Stack/lpm_counter1.inc          ; --            ; --          ; --             ;
; MISC_FILE                          ; Stack/lpm_counter1.cmp          ; --            ; --          ; --             ;
; MISC_FILE                          ; Stack/lpm_compare2.bsf          ; --            ; --          ; --             ;
; MISC_FILE                          ; Stack/lpm_compare2_inst.vhd     ; --            ; --          ; --             ;
; MISC_FILE                          ; Stack/lpm_compare2.inc          ; --            ; --          ; --             ;
; MISC_FILE                          ; Stack/lpm_compare2.cmp          ; --            ; --          ; --             ;
; MISC_FILE                          ; Cache/lpm_decode2.bsf           ; --            ; --          ; --             ;
; MISC_FILE                          ; Cache/lpm_decode2_inst.vhd      ; --            ; --          ; --             ;
; MISC_FILE                          ; Cache/lpm_decode2.inc           ; --            ; --          ; --             ;
; MISC_FILE                          ; Cache/lpm_decode2.cmp           ; --            ; --          ; --             ;
; MISC_FILE                          ; Cache/lpm_dff2.bsf              ; --            ; --          ; --             ;
; MISC_FILE                          ; Cache/lpm_dff2_inst.vhd         ; --            ; --          ; --             ;
; MISC_FILE                          ; Cache/lpm_dff2.inc              ; --            ; --          ; --             ;
; MISC_FILE                          ; Cache/lpm_dff2.cmp              ; --            ; --          ; --             ;
; MISC_FILE                          ; Cache/lpm_mux5.bsf              ; --            ; --          ; --             ;
; MISC_FILE                          ; Cache/lpm_mux5_inst.vhd         ; --            ; --          ; --             ;
; MISC_FILE                          ; Cache/lpm_mux5.inc              ; --            ; --          ; --             ;
; MISC_FILE                          ; Cache/lpm_mux5.cmp              ; --            ; --          ; --             ;
; MISC_FILE                          ; Cache/lpm_mux3.bsf              ; --            ; --          ; --             ;
; MISC_FILE                          ; Cache/lpm_mux3_inst.vhd         ; --            ; --          ; --             ;
; MISC_FILE                          ; Cache/lpm_mux3.inc              ; --            ; --          ; --             ;
; MISC_FILE                          ; Cache/lpm_mux3.cmp              ; --            ; --          ; --             ;
; MISC_FILE                          ; Cache/lpm_dff3.bsf              ; --            ; --          ; --             ;
; MISC_FILE                          ; Cache/lpm_dff3_inst.vhd         ; --            ; --          ; --             ;
; MISC_FILE                          ; Cache/lpm_dff3.inc              ; --            ; --          ; --             ;
; MISC_FILE                          ; Cache/lpm_dff3.cmp              ; --            ; --          ; --             ;
; MISC_FILE                          ; Cache/lpm_decode3.bsf           ; --            ; --          ; --             ;
; MISC_FILE                          ; Cache/lpm_decode3_inst.vhd      ; --            ; --          ; --             ;
; MISC_FILE                          ; Cache/lpm_decode3.inc           ; --            ; --          ; --             ;
; MISC_FILE                          ; Cache/lpm_decode3.cmp           ; --            ; --          ; --             ;
; MISC_FILE                          ; Cache/lpm_mux6.bsf              ; --            ; --          ; --             ;
; MISC_FILE                          ; Cache/lpm_mux6_inst.vhd         ; --            ; --          ; --             ;
; MISC_FILE                          ; Cache/lpm_mux6.inc              ; --            ; --          ; --             ;
; MISC_FILE                          ; Cache/lpm_mux6.cmp              ; --            ; --          ; --             ;
; MISC_FILE                          ; Cache/lpm_mux7.bsf              ; --            ; --          ; --             ;
; MISC_FILE                          ; Cache/lpm_mux7_inst.vhd         ; --            ; --          ; --             ;
; MISC_FILE                          ; Cache/lpm_mux7.inc              ; --            ; --          ; --             ;
; MISC_FILE                          ; Cache/lpm_mux7.cmp              ; --            ; --          ; --             ;
; MISC_FILE                          ; Cache/lpm_mux8.bsf              ; --            ; --          ; --             ;
; MISC_FILE                          ; Cache/lpm_mux8_inst.vhd         ; --            ; --          ; --             ;
; MISC_FILE                          ; Cache/lpm_mux8.inc              ; --            ; --          ; --             ;
; MISC_FILE                          ; Cache/lpm_mux8.cmp              ; --            ; --          ; --             ;
; MISC_FILE                          ; Cache/lpm_bustri3.bsf           ; --            ; --          ; --             ;
; MISC_FILE                          ; Cache/lpm_bustri3_inst.vhd      ; --            ; --          ; --             ;
; MISC_FILE                          ; Cache/lpm_bustri3.inc           ; --            ; --          ; --             ;
; MISC_FILE                          ; Cache/lpm_bustri3.cmp           ; --            ; --          ; --             ;
; MISC_FILE                          ; Cache/lpm_mux9.bsf              ; --            ; --          ; --             ;
; MISC_FILE                          ; Cache/lpm_mux9_inst.vhd         ; --            ; --          ; --             ;
; MISC_FILE                          ; Cache/lpm_mux9.inc              ; --            ; --          ; --             ;
; MISC_FILE                          ; Cache/lpm_mux9.cmp              ; --            ; --          ; --             ;
; MISC_FILE                          ; Cache/lpm_counter2.bsf          ; --            ; --          ; --             ;
; MISC_FILE                          ; Cache/lpm_counter2_inst.vhd     ; --            ; --          ; --             ;
; MISC_FILE                          ; Cache/lpm_counter2.inc          ; --            ; --          ; --             ;
; MISC_FILE                          ; Cache/lpm_counter2.cmp          ; --            ; --          ; --             ;
; MISC_FILE                          ; Cache/lpm_compare3.bsf          ; --            ; --          ; --             ;
; MISC_FILE                          ; Cache/lpm_compare3_inst.vhd     ; --            ; --          ; --             ;
; MISC_FILE                          ; Cache/lpm_compare3.inc          ; --            ; --          ; --             ;
; MISC_FILE                          ; Cache/lpm_compare3.cmp          ; --            ; --          ; --             ;
; MISC_FILE                          ; Cache/lpm_constant0.bsf         ; --            ; --          ; --             ;
; MISC_FILE                          ; Cache/lpm_constant0_inst.vhd    ; --            ; --          ; --             ;
; MISC_FILE                          ; Cache/lpm_constant0.inc         ; --            ; --          ; --             ;
; MISC_FILE                          ; Cache/lpm_constant0.cmp         ; --            ; --          ; --             ;
; MISC_FILE                          ; Cache/lpm_compare4.bsf          ; --            ; --          ; --             ;
; MISC_FILE                          ; Cache/lpm_compare4_inst.vhd     ; --            ; --          ; --             ;
; MISC_FILE                          ; Cache/lpm_compare4.inc          ; --            ; --          ; --             ;
; MISC_FILE                          ; Cache/lpm_compare4.cmp          ; --            ; --          ; --             ;
; MISC_FILE                          ; Cache/lpm_compare5.bsf          ; --            ; --          ; --             ;
; MISC_FILE                          ; Cache/lpm_compare5_inst.vhd     ; --            ; --          ; --             ;
; MISC_FILE                          ; Cache/lpm_compare5.inc          ; --            ; --          ; --             ;
; MISC_FILE                          ; Cache/lpm_compare5.cmp          ; --            ; --          ; --             ;
; MISC_FILE                          ; Cache/lpm_dff4.bsf              ; --            ; --          ; --             ;
; MISC_FILE                          ; Cache/lpm_dff4_inst.vhd         ; --            ; --          ; --             ;
; MISC_FILE                          ; Cache/lpm_dff4.inc              ; --            ; --          ; --             ;
; MISC_FILE                          ; Cache/lpm_dff4.cmp              ; --            ; --          ; --             ;
; MISC_FILE                          ; Cache/lpm_decode4.bsf           ; --            ; --          ; --             ;
; MISC_FILE                          ; Cache/lpm_decode4_inst.vhd      ; --            ; --          ; --             ;
; MISC_FILE                          ; Cache/lpm_decode4.inc           ; --            ; --          ; --             ;
; MISC_FILE                          ; Cache/lpm_decode4.cmp           ; --            ; --          ; --             ;
; MISC_FILE                          ; Cache/lpm_counter4.bsf          ; --            ; --          ; --             ;
; MISC_FILE                          ; Cache/lpm_counter4_inst.vhd     ; --            ; --          ; --             ;
; MISC_FILE                          ; Cache/lpm_counter4.inc          ; --            ; --          ; --             ;
; MISC_FILE                          ; Cache/lpm_counter4.cmp          ; --            ; --          ; --             ;
; MISC_FILE                          ; Cache/lpm_compare7.bsf          ; --            ; --          ; --             ;
; MISC_FILE                          ; Cache/lpm_compare7_inst.vhd     ; --            ; --          ; --             ;
; MISC_FILE                          ; Cache/lpm_compare7.inc          ; --            ; --          ; --             ;
; MISC_FILE                          ; Cache/lpm_compare7.cmp          ; --            ; --          ; --             ;
; MISC_FILE                          ; Cache/lpm_compare8.bsf          ; --            ; --          ; --             ;
; MISC_FILE                          ; Cache/lpm_compare8_inst.vhd     ; --            ; --          ; --             ;
; MISC_FILE                          ; Cache/lpm_compare8.inc          ; --            ; --          ; --             ;
; MISC_FILE                          ; Cache/lpm_compare8.cmp          ; --            ; --          ; --             ;
; MISC_FILE                          ; Cache/lpm_add_sub1.bsf          ; --            ; --          ; --             ;
; MISC_FILE                          ; Cache/lpm_add_sub1_inst.vhd     ; --            ; --          ; --             ;
; MISC_FILE                          ; Cache/lpm_add_sub1.inc          ; --            ; --          ; --             ;
; MISC_FILE                          ; Cache/lpm_add_sub1.cmp          ; --            ; --          ; --             ;
; MISC_FILE                          ; Cache/lpm_add_sub2.bsf          ; --            ; --          ; --             ;
; MISC_FILE                          ; Cache/lpm_add_sub2_inst.vhd     ; --            ; --          ; --             ;
; MISC_FILE                          ; Cache/lpm_add_sub2.inc          ; --            ; --          ; --             ;
; MISC_FILE                          ; Cache/lpm_add_sub2.cmp          ; --            ; --          ; --             ;
; MISC_FILE                          ; Cache/lpm_compare9.bsf          ; --            ; --          ; --             ;
; MISC_FILE                          ; Cache/lpm_compare9_inst.vhd     ; --            ; --          ; --             ;
; MISC_FILE                          ; Cache/lpm_compare9.inc          ; --            ; --          ; --             ;
; MISC_FILE                          ; Cache/lpm_compare9.cmp          ; --            ; --          ; --             ;
; MISC_FILE                          ; memory/lpm_dff5.bsf             ; --            ; --          ; --             ;
; MISC_FILE                          ; memory/lpm_dff5_inst.vhd        ; --            ; --          ; --             ;
; MISC_FILE                          ; memory/lpm_dff5.inc             ; --            ; --          ; --             ;
; MISC_FILE                          ; memory/lpm_dff5.cmp             ; --            ; --          ; --             ;
; MISC_FILE                          ; ALU/lpm_decode5.bsf             ; --            ; --          ; --             ;
; MISC_FILE                          ; ALU/lpm_decode5_inst.vhd        ; --            ; --          ; --             ;
; MISC_FILE                          ; ALU/lpm_decode5.inc             ; --            ; --          ; --             ;
; MISC_FILE                          ; ALU/lpm_decode5.cmp             ; --            ; --          ; --             ;
; MISC_FILE                          ; ALU/lpm_compare10.bsf           ; --            ; --          ; --             ;
; MISC_FILE                          ; ALU/lpm_compare10_inst.vhd      ; --            ; --          ; --             ;
; MISC_FILE                          ; ALU/lpm_compare10.inc           ; --            ; --          ; --             ;
; MISC_FILE                          ; ALU/lpm_compare10.cmp           ; --            ; --          ; --             ;
; MISC_FILE                          ; ALU/lpm_add_sub0.bsf            ; --            ; --          ; --             ;
; MISC_FILE                          ; ALU/lpm_add_sub0_inst.vhd       ; --            ; --          ; --             ;
; MISC_FILE                          ; ALU/lpm_add_sub0.inc            ; --            ; --          ; --             ;
; MISC_FILE                          ; ALU/lpm_add_sub0.cmp            ; --            ; --          ; --             ;
; MISC_FILE                          ; ALU/lpm_or0.bsf                 ; --            ; --          ; --             ;
; MISC_FILE                          ; ALU/lpm_or0_inst.vhd            ; --            ; --          ; --             ;
; MISC_FILE                          ; ALU/lpm_or0.inc                 ; --            ; --          ; --             ;
; MISC_FILE                          ; ALU/lpm_or0.cmp                 ; --            ; --          ; --             ;
; MISC_FILE                          ; ALU/lpm_inv0.bsf                ; --            ; --          ; --             ;
; MISC_FILE                          ; ALU/lpm_inv0_inst.vhd           ; --            ; --          ; --             ;
; MISC_FILE                          ; ALU/lpm_inv0.inc                ; --            ; --          ; --             ;
; MISC_FILE                          ; ALU/lpm_inv0.cmp                ; --            ; --          ; --             ;
; MISC_FILE                          ; ALU/lpm_mux10.bsf               ; --            ; --          ; --             ;
; MISC_FILE                          ; ALU/lpm_mux10_inst.vhd          ; --            ; --          ; --             ;
; MISC_FILE                          ; ALU/lpm_mux10.inc               ; --            ; --          ; --             ;
; MISC_FILE                          ; ALU/lpm_mux10.cmp               ; --            ; --          ; --             ;
; MISC_FILE                          ; ALU/lpm_shiftreg0.bsf           ; --            ; --          ; --             ;
; MISC_FILE                          ; ALU/lpm_shiftreg0_inst.vhd      ; --            ; --          ; --             ;
; MISC_FILE                          ; ALU/lpm_shiftreg0.inc           ; --            ; --          ; --             ;
; MISC_FILE                          ; ALU/lpm_shiftreg0.cmp           ; --            ; --          ; --             ;
; MISC_FILE                          ; ALU/lpm_compare6.bsf            ; --            ; --          ; --             ;
; MISC_FILE                          ; ALU/lpm_compare6_inst.vhd       ; --            ; --          ; --             ;
; MISC_FILE                          ; ALU/lpm_compare6.inc            ; --            ; --          ; --             ;
; MISC_FILE                          ; ALU/lpm_compare6.cmp            ; --            ; --          ; --             ;
; MISC_FILE                          ; ALU/lpm_dff6.bsf                ; --            ; --          ; --             ;
; MISC_FILE                          ; ALU/lpm_dff6_inst.vhd           ; --            ; --          ; --             ;
; MISC_FILE                          ; ALU/lpm_dff6.inc                ; --            ; --          ; --             ;
; MISC_FILE                          ; ALU/lpm_dff6.cmp                ; --            ; --          ; --             ;
; MISC_FILE                          ; CU/lpm_bustri4.bsf              ; --            ; --          ; --             ;
; MISC_FILE                          ; CU/lpm_bustri4_inst.vhd         ; --            ; --          ; --             ;
; MISC_FILE                          ; CU/lpm_bustri4.inc              ; --            ; --          ; --             ;
; MISC_FILE                          ; CU/lpm_bustri4.cmp              ; --            ; --          ; --             ;
; MISC_FILE                          ; CU/lpm_bustri5.bsf              ; --            ; --          ; --             ;
; MISC_FILE                          ; CU/lpm_bustri5_inst.vhd         ; --            ; --          ; --             ;
; MISC_FILE                          ; CU/lpm_bustri5.inc              ; --            ; --          ; --             ;
; MISC_FILE                          ; CU/lpm_bustri5.cmp              ; --            ; --          ; --             ;
; MISC_FILE                          ; CU/lpm_counter5.bsf             ; --            ; --          ; --             ;
; MISC_FILE                          ; CU/lpm_counter5_inst.vhd        ; --            ; --          ; --             ;
; MISC_FILE                          ; CU/lpm_counter5.inc             ; --            ; --          ; --             ;
; MISC_FILE                          ; CU/lpm_counter5.cmp             ; --            ; --          ; --             ;
; MISC_FILE                          ; CU/lpm_counter6.bsf             ; --            ; --          ; --             ;
; MISC_FILE                          ; CU/lpm_counter6_inst.vhd        ; --            ; --          ; --             ;
; MISC_FILE                          ; CU/lpm_counter6.inc             ; --            ; --          ; --             ;
; MISC_FILE                          ; CU/lpm_counter6.cmp             ; --            ; --          ; --             ;
; MISC_FILE                          ; CU/lpm_or1.bsf                  ; --            ; --          ; --             ;
; MISC_FILE                          ; CU/lpm_or1_inst.vhd             ; --            ; --          ; --             ;
; MISC_FILE                          ; CU/lpm_or1.inc                  ; --            ; --          ; --             ;
; MISC_FILE                          ; CU/lpm_or1.cmp                  ; --            ; --          ; --             ;
; MISC_FILE                          ; CU/lpm_decode6.bsf              ; --            ; --          ; --             ;
; MISC_FILE                          ; CU/lpm_decode6_inst.vhd         ; --            ; --          ; --             ;
; MISC_FILE                          ; CU/lpm_decode6.inc              ; --            ; --          ; --             ;
; MISC_FILE                          ; CU/lpm_decode6.cmp              ; --            ; --          ; --             ;
; MISC_FILE                          ; CU/lpm_dff7.bsf                 ; --            ; --          ; --             ;
; MISC_FILE                          ; CU/lpm_dff7_inst.vhd            ; --            ; --          ; --             ;
; MISC_FILE                          ; CU/lpm_dff7.inc                 ; --            ; --          ; --             ;
; MISC_FILE                          ; CU/lpm_dff7.cmp                 ; --            ; --          ; --             ;
; MISC_FILE                          ; CU/lpm_compare12.bsf            ; --            ; --          ; --             ;
; MISC_FILE                          ; CU/lpm_compare12_inst.vhd       ; --            ; --          ; --             ;
; MISC_FILE                          ; CU/lpm_compare12.inc            ; --            ; --          ; --             ;
; MISC_FILE                          ; CU/lpm_compare12.cmp            ; --            ; --          ; --             ;
; MISC_FILE                          ; CU/lpm_compare13.bsf            ; --            ; --          ; --             ;
; MISC_FILE                          ; CU/lpm_compare13_inst.vhd       ; --            ; --          ; --             ;
; MISC_FILE                          ; CU/lpm_compare13.inc            ; --            ; --          ; --             ;
; MISC_FILE                          ; CU/lpm_compare13.cmp            ; --            ; --          ; --             ;
; MISC_FILE                          ; Cache/lpm_compare11.bsf         ; --            ; --          ; --             ;
; MISC_FILE                          ; Cache/lpm_compare11_inst.vhd    ; --            ; --          ; --             ;
; MISC_FILE                          ; Cache/lpm_compare11.inc         ; --            ; --          ; --             ;
; MISC_FILE                          ; Cache/lpm_compare11.cmp         ; --            ; --          ; --             ;
; MISC_FILE                          ; CU/lpm_add_sub3.bsf             ; --            ; --          ; --             ;
; MISC_FILE                          ; CU/lpm_add_sub3_inst.vhd        ; --            ; --          ; --             ;
; MISC_FILE                          ; CU/lpm_add_sub3.inc             ; --            ; --          ; --             ;
; MISC_FILE                          ; CU/lpm_add_sub3.cmp             ; --            ; --          ; --             ;
; MISC_FILE                          ; Stack/lpm_constant1.bsf         ; --            ; --          ; --             ;
; MISC_FILE                          ; Stack/lpm_constant1_inst.vhd    ; --            ; --          ; --             ;
; MISC_FILE                          ; Stack/lpm_constant1.inc         ; --            ; --          ; --             ;
; MISC_FILE                          ; Stack/lpm_constant1.cmp         ; --            ; --          ; --             ;
; MISC_FILE                          ; Stack/lpm_constant2.bsf         ; --            ; --          ; --             ;
; MISC_FILE                          ; Stack/lpm_constant2_inst.vhd    ; --            ; --          ; --             ;
; MISC_FILE                          ; Stack/lpm_constant2.inc         ; --            ; --          ; --             ;
; MISC_FILE                          ; Stack/lpm_constant2.cmp         ; --            ; --          ; --             ;
; MISC_FILE                          ; Stack/lpm_add_sub5.bsf          ; --            ; --          ; --             ;
; MISC_FILE                          ; Stack/lpm_add_sub5_inst.vhd     ; --            ; --          ; --             ;
; MISC_FILE                          ; Stack/lpm_add_sub5.inc          ; --            ; --          ; --             ;
; MISC_FILE                          ; Stack/lpm_add_sub5.cmp          ; --            ; --          ; --             ;
; MISC_FILE                          ; Stack/lpm_dff9.bsf              ; --            ; --          ; --             ;
; MISC_FILE                          ; Stack/lpm_dff9_inst.vhd         ; --            ; --          ; --             ;
; MISC_FILE                          ; Stack/lpm_dff9.inc              ; --            ; --          ; --             ;
; MISC_FILE                          ; Stack/lpm_dff9.cmp              ; --            ; --          ; --             ;
; MISC_FILE                          ; Stack/lpm_decode7.bsf           ; --            ; --          ; --             ;
; MISC_FILE                          ; Stack/lpm_decode7_inst.vhd      ; --            ; --          ; --             ;
; MISC_FILE                          ; Stack/lpm_decode7.inc           ; --            ; --          ; --             ;
; MISC_FILE                          ; Stack/lpm_decode7.cmp           ; --            ; --          ; --             ;
; MISC_FILE                          ; Stack/lpm_add_sub4.bsf          ; --            ; --          ; --             ;
; MISC_FILE                          ; Stack/lpm_add_sub4_inst.vhd     ; --            ; --          ; --             ;
; MISC_FILE                          ; Stack/lpm_add_sub4.inc          ; --            ; --          ; --             ;
; MISC_FILE                          ; Stack/lpm_add_sub4.cmp          ; --            ; --          ; --             ;
; PARTITION_COLOR                    ; 16764057                        ; --            ; CU          ; Top            ;
; PARTITION_NETLIST_TYPE             ; SOURCE                          ; --            ; CU          ; Top            ;
; TOP_LEVEL_ENTITY                   ; CU                              ; KP            ; --          ; --             ;
; USE_GENERATED_PHYSICAL_CONSTRAINTS ; Off                             ; --            ; --          ; eda_blast_fpga ;
+------------------------------------+---------------------------------+---------------+-------------+----------------+


+-----------------------------------------------------------------------------------------------------------------------------+
; Flow Elapsed Time                                                                                                           ;
+-------------------------+--------------+-------------------------+---------------------+------------------------------------+
; Module Name             ; Elapsed Time ; Average Processors Used ; Peak Virtual Memory ; Total CPU Time (on all processors) ;
+-------------------------+--------------+-------------------------+---------------------+------------------------------------+
; Analysis & Synthesis    ; 00:00:42     ; 1.0                     ; 316 MB              ; 00:00:46                           ;
; Fitter                  ; 00:00:36     ; 1.0                     ; 282 MB              ; 00:00:37                           ;
; Assembler               ; 00:00:03     ; 1.0                     ; 248 MB              ; 00:00:03                           ;
; Classic Timing Analyzer ; 00:00:12     ; 1.0                     ; 324 MB              ; 00:00:12                           ;
; Total                   ; 00:01:33     ; --                      ; --                  ; 00:01:38                           ;
+-------------------------+--------------+-------------------------+---------------------+------------------------------------+


+------------------------------------------------------------------------------------------+
; Flow OS Summary                                                                          ;
+-------------------------+------------------+---------------+------------+----------------+
; Module Name             ; Machine Hostname ; OS Name       ; OS Version ; Processor type ;
+-------------------------+------------------+---------------+------------+----------------+
; Analysis & Synthesis    ; -         ; Windows Vista ; 6.1        ; x86_64         ;
; Fitter                  ; -         ; Windows Vista ; 6.1        ; x86_64         ;
; Assembler               ; -         ; Windows Vista ; 6.1        ; x86_64         ;
; Classic Timing Analyzer ; -         ; Windows Vista ; 6.1        ; x86_64         ;
+-------------------------+------------------+---------------+------------+----------------+


------------
; Flow Log ;
------------
quartus_map --read_settings_files=on --write_settings_files=off KP -c KP
quartus_fit --read_settings_files=off --write_settings_files=off KP -c KP
quartus_asm --read_settings_files=off --write_settings_files=off KP -c KP
quartus_tan --read_settings_files=off --write_settings_files=off KP -c KP --timing_analysis_only



