Analysis & Synthesis report for KP
Sun May 12 23:54:29 2019
Quartus II Version 9.1 Build 222 10/21/2009 SJ Web Edition


---------------------
; Table of Contents ;
---------------------
  1. Legal Notice
  2. Analysis & Synthesis Summary
  3. Analysis & Synthesis Settings
  4. Parallel Compilation
  5. Analysis & Synthesis Source Files Read
  6. Analysis & Synthesis Resource Usage Summary
  7. Analysis & Synthesis Resource Utilization by Entity
  8. General Register Statistics
  9. Source assignments for DCa:inst32|lpm_counter4:inst|lpm_counter:lpm_counter_component
 10. Parameter Settings for User Entity Instance: DCa:inst32|lpm_decode5:inst1|lpm_decode:lpm_decode_component
 11. Parameter Settings for User Entity Instance: DCa:inst32|lpm_counter4:inst|lpm_counter:lpm_counter_component
 12. Parameter Settings for User Entity Instance: lpm_dff0:inst2|lpm_ff:lpm_ff_component
 13. Parameter Settings for User Entity Instance: lpm_bustri4:inst8|lpm_bustri:lpm_bustri_component
 14. Parameter Settings for User Entity Instance: lpm_decode2:inst1|lpm_decode:lpm_decode_component
 15. Parameter Settings for User Entity Instance: BUSMUX:inst23
 16. Parameter Settings for User Entity Instance: lpm_dff0:inst|lpm_ff:lpm_ff_component
 17. Parameter Settings for User Entity Instance: lpm_bustri3:inst5|lpm_bustri:lpm_bustri_component
 18. Parameter Settings for User Entity Instance: lpm_bustri5:inst9|lpm_bustri:lpm_bustri_component
 19. Parameter Settings for User Entity Instance: lpm_bustri5:inst27|lpm_bustri:lpm_bustri_component
 20. Parameter Settings for User Entity Instance: BUSMUX:inst28
 21. Analysis & Synthesis Messages



----------------
; Legal Notice ;
----------------
Copyright (C) 1991-2009 Altera Corporation
Your use of Altera Corporation's design tools, logic functions 
and other software and tools, and its AMPP partner logic 
functions, and any output files from any of the foregoing 
(including device programming or simulation files), and any 
associated documentation or information are expressly subject 
to the terms and conditions of the Altera Program License 
Subscription Agreement, Altera MegaCore Function License 
Agreement, or other applicable license agreement, including, 
without limitation, that your use is for the sole purpose of 
programming logic devices manufactured by Altera and sold by 
Altera or its authorized distributors.  Please refer to the 
applicable agreement for further details.



+-------------------------------------------------------------------------+
; Analysis & Synthesis Summary                                            ;
+-------------------------------+-----------------------------------------+
; Analysis & Synthesis Status   ; Successful - Sun May 12 23:54:29 2019   ;
; Quartus II Version            ; 9.1 Build 222 10/21/2009 SJ Web Edition ;
; Revision Name                 ; KP                                      ;
; Top-level Entity Name         ; DECODE_COMMAND                          ;
; Family                        ; Stratix II                              ;
; Logic utilization             ; N/A                                     ;
;     Combinational ALUTs       ; 28                                      ;
;     Dedicated logic registers ; 26                                      ;
; Total registers               ; 26                                      ;
; Total pins                    ; 48                                      ;
; Total virtual pins            ; 0                                       ;
; Total block memory bits       ; 0                                       ;
; DSP block 9-bit elements      ; 0                                       ;
; Total PLLs                    ; 0                                       ;
; Total DLLs                    ; 0                                       ;
+-------------------------------+-----------------------------------------+


+----------------------------------------------------------------------------------------------------------------------+
; Analysis & Synthesis Settings                                                                                        ;
+----------------------------------------------------------------------------+--------------------+--------------------+
; Option                                                                     ; Setting            ; Default Value      ;
+----------------------------------------------------------------------------+--------------------+--------------------+
; Top-level entity name                                                      ; DECODE_COMMAND     ; KP                 ;
; Family name                                                                ; Stratix II         ; Stratix II         ;
; Use Generated Physical Constraints File                                    ; Off                ;                    ;
; Use smart compilation                                                      ; Off                ; Off                ;
; Enable parallel Assembler and TimeQuest Timing Analyzer during compilation ; On                 ; On                 ;
; Enable compact report table                                                ; Off                ; Off                ;
; Restructure Multiplexers                                                   ; Auto               ; Auto               ;
; Create Debugging Nodes for IP Cores                                        ; Off                ; Off                ;
; Preserve fewer node names                                                  ; On                 ; On                 ;
; Disable OpenCore Plus hardware evaluation                                  ; Off                ; Off                ;
; Verilog Version                                                            ; Verilog_2001       ; Verilog_2001       ;
; VHDL Version                                                               ; VHDL_1993          ; VHDL_1993          ;
; State Machine Processing                                                   ; Auto               ; Auto               ;
; Safe State Machine                                                         ; Off                ; Off                ;
; Extract Verilog State Machines                                             ; On                 ; On                 ;
; Extract VHDL State Machines                                                ; On                 ; On                 ;
; Ignore Verilog initial constructs                                          ; Off                ; Off                ;
; Iteration limit for constant Verilog loops                                 ; 5000               ; 5000               ;
; Iteration limit for non-constant Verilog loops                             ; 250                ; 250                ;
; Add Pass-Through Logic to Inferred RAMs                                    ; On                 ; On                 ;
; Parallel Synthesis                                                         ; On                 ; On                 ;
; DSP Block Balancing                                                        ; Auto               ; Auto               ;
; NOT Gate Push-Back                                                         ; On                 ; On                 ;
; Power-Up Don't Care                                                        ; On                 ; On                 ;
; Remove Redundant Logic Cells                                               ; Off                ; Off                ;
; Remove Duplicate Registers                                                 ; On                 ; On                 ;
; Ignore CARRY Buffers                                                       ; Off                ; Off                ;
; Ignore CASCADE Buffers                                                     ; Off                ; Off                ;
; Ignore GLOBAL Buffers                                                      ; Off                ; Off                ;
; Ignore ROW GLOBAL Buffers                                                  ; Off                ; Off                ;
; Ignore LCELL Buffers                                                       ; Off                ; Off                ;
; Ignore SOFT Buffers                                                        ; On                 ; On                 ;
; Limit AHDL Integers to 32 Bits                                             ; Off                ; Off                ;
; Optimization Technique                                                     ; Balanced           ; Balanced           ;
; Carry Chain Length                                                         ; 70                 ; 70                 ;
; Auto Carry Chains                                                          ; On                 ; On                 ;
; Auto Open-Drain Pins                                                       ; On                 ; On                 ;
; Perform WYSIWYG Primitive Resynthesis                                      ; Off                ; Off                ;
; Auto ROM Replacement                                                       ; On                 ; On                 ;
; Auto RAM Replacement                                                       ; On                 ; On                 ;
; Auto DSP Block Replacement                                                 ; On                 ; On                 ;
; Auto Shift Register Replacement                                            ; Auto               ; Auto               ;
; Auto Clock Enable Replacement                                              ; On                 ; On                 ;
; Strict RAM Replacement                                                     ; Off                ; Off                ;
; Allow Synchronous Control Signals                                          ; On                 ; On                 ;
; Force Use of Synchronous Clear Signals                                     ; Off                ; Off                ;
; Auto RAM Block Balancing                                                   ; On                 ; On                 ;
; Auto RAM to Logic Cell Conversion                                          ; Off                ; Off                ;
; Auto Resource Sharing                                                      ; Off                ; Off                ;
; Allow Any RAM Size For Recognition                                         ; Off                ; Off                ;
; Allow Any ROM Size For Recognition                                         ; Off                ; Off                ;
; Allow Any Shift Register Size For Recognition                              ; Off                ; Off                ;
; Use LogicLock Constraints during Resource Balancing                        ; On                 ; On                 ;
; Ignore translate_off and synthesis_off directives                          ; Off                ; Off                ;
; Timing-Driven Synthesis                                                    ; Off                ; Off                ;
; Show Parameter Settings Tables in Synthesis Report                         ; On                 ; On                 ;
; Ignore Maximum Fan-Out Assignments                                         ; Off                ; Off                ;
; Synchronization Register Chain Length                                      ; 2                  ; 2                  ;
; PowerPlay Power Optimization                                               ; Normal compilation ; Normal compilation ;
; HDL message level                                                          ; Level2             ; Level2             ;
; Suppress Register Optimization Related Messages                            ; Off                ; Off                ;
; Number of Removed Registers Reported in Synthesis Report                   ; 100                ; 100                ;
; Number of Inverted Registers Reported in Synthesis Report                  ; 100                ; 100                ;
; Clock MUX Protection                                                       ; On                 ; On                 ;
; Auto Gated Clock Conversion                                                ; Off                ; Off                ;
; Block Design Naming                                                        ; Auto               ; Auto               ;
; SDC constraint protection                                                  ; Off                ; Off                ;
; Synthesis Effort                                                           ; Auto               ; Auto               ;
; Shift Register Replacement - Allow Asynchronous Clear Signal               ; On                 ; On                 ;
; Analysis & Synthesis Message Level                                         ; Medium             ; Medium             ;
; Disable Register Merging Across Hierarchies                                ; Auto               ; Auto               ;
; Resource Aware Inference For Block RAM                                     ; On                 ; On                 ;
+----------------------------------------------------------------------------+--------------------+--------------------+


Parallel compilation was disabled, but you have multiple processors available. Enable parallel compilation to reduce compilation time.
+-------------------------------------+
; Parallel Compilation                ;
+----------------------------+--------+
; Processors                 ; Number ;
+----------------------------+--------+
; Number detected on machine ; 4      ;
; Maximum allowed            ; 1      ;
+----------------------------+--------+


+--------------------------------------------------------------------------------------------------------------------------------------------------------+
; Analysis & Synthesis Source Files Read                                                                                                                 ;
+----------------------------------+-----------------+------------------------------------+--------------------------------------------------------------+
; File Name with User-Entered Path ; Used in Netlist ; File Type                          ; File Name with Absolute Path                                 ;
+----------------------------------+-----------------+------------------------------------+--------------------------------------------------------------+
; Stack/lpm_dff0.vhd               ; yes             ; User Wizard-Generated File         ; E:/GitHub/CourseWork_SIFO/CourseWork/Stack/lpm_dff0.vhd      ;
; Cache/lpm_decode2.vhd            ; yes             ; User Wizard-Generated File         ; E:/GitHub/CourseWork_SIFO/CourseWork/Cache/lpm_decode2.vhd   ;
; Cache/lpm_bustri3.vhd            ; yes             ; User Wizard-Generated File         ; E:/GitHub/CourseWork_SIFO/CourseWork/Cache/lpm_bustri3.vhd   ;
; Cache/lpm_counter4.vhd           ; yes             ; User Wizard-Generated File         ; E:/GitHub/CourseWork_SIFO/CourseWork/Cache/lpm_counter4.vhd  ;
; ALU/DCa.bdf                      ; yes             ; User Block Diagram/Schematic File  ; E:/GitHub/CourseWork_SIFO/CourseWork/ALU/DCa.bdf             ;
; ALU/lpm_decode5.vhd              ; yes             ; User Wizard-Generated File         ; E:/GitHub/CourseWork_SIFO/CourseWork/ALU/lpm_decode5.vhd     ;
; CU/DECODE_COMMAND.bdf            ; yes             ; User Block Diagram/Schematic File  ; E:/GitHub/CourseWork_SIFO/CourseWork/CU/DECODE_COMMAND.bdf   ;
; CU/lpm_bustri4.vhd               ; yes             ; User Wizard-Generated File         ; E:/GitHub/CourseWork_SIFO/CourseWork/CU/lpm_bustri4.vhd      ;
; CU/lpm_bustri5.vhd               ; yes             ; User Wizard-Generated File         ; E:/GitHub/CourseWork_SIFO/CourseWork/CU/lpm_bustri5.vhd      ;
; lpm_decode.tdf                   ; yes             ; Megafunction                       ; c:/altera/91/quartus/libraries/megafunctions/lpm_decode.tdf  ;
; db/decode_ktf.tdf                ; yes             ; Auto-Generated Megafunction        ; E:/GitHub/CourseWork_SIFO/CourseWork/db/decode_ktf.tdf       ;
; lpm_counter.tdf                  ; yes             ; Megafunction                       ; c:/altera/91/quartus/libraries/megafunctions/lpm_counter.tdf ;
; db/cntr_6pi.tdf                  ; yes             ; Auto-Generated Megafunction        ; E:/GitHub/CourseWork_SIFO/CourseWork/db/cntr_6pi.tdf         ;
; lpm_ff.tdf                       ; yes             ; Megafunction                       ; c:/altera/91/quartus/libraries/megafunctions/lpm_ff.tdf      ;
; lpm_bustri.tdf                   ; yes             ; Megafunction                       ; c:/altera/91/quartus/libraries/megafunctions/lpm_bustri.tdf  ;
; db/decode_ltf.tdf                ; yes             ; Auto-Generated Megafunction        ; E:/GitHub/CourseWork_SIFO/CourseWork/db/decode_ltf.tdf       ;
; busmux.tdf                       ; yes             ; Megafunction                       ; c:/altera/91/quartus/libraries/megafunctions/busmux.tdf      ;
; lpm_mux.tdf                      ; yes             ; Megafunction                       ; c:/altera/91/quartus/libraries/megafunctions/lpm_mux.tdf     ;
; db/mux_apc.tdf                   ; yes             ; Auto-Generated Megafunction        ; E:/GitHub/CourseWork_SIFO/CourseWork/db/mux_apc.tdf          ;
; db/mux_pnc.tdf                   ; yes             ; Auto-Generated Megafunction        ; E:/GitHub/CourseWork_SIFO/CourseWork/db/mux_pnc.tdf          ;
+----------------------------------+-----------------+------------------------------------+--------------------------------------------------------------+


+-------------------------------------------------------+
; Analysis & Synthesis Resource Usage Summary           ;
+-----------------------------------------------+-------+
; Resource                                      ; Usage ;
+-----------------------------------------------+-------+
; Estimated ALUTs Used                          ; 28    ;
; Dedicated logic registers                     ; 26    ;
;                                               ;       ;
; Estimated ALUTs Unavailable                   ; 3     ;
;                                               ;       ;
; Total combinational functions                 ; 28    ;
; Combinational ALUT usage by number of inputs  ;       ;
;     -- 7 input functions                      ; 0     ;
;     -- 6 input functions                      ; 17    ;
;     -- 5 input functions                      ; 1     ;
;     -- 4 input functions                      ; 4     ;
;     -- <=3 input functions                    ; 6     ;
;                                               ;       ;
; Combinational ALUTs by mode                   ;       ;
;     -- normal mode                            ; 23    ;
;     -- extended LUT mode                      ; 0     ;
;     -- arithmetic mode                        ; 5     ;
;     -- shared arithmetic mode                 ; 0     ;
;                                               ;       ;
; Estimated ALUT/register pairs used            ; 49    ;
;                                               ;       ;
; Total registers                               ; 26    ;
;     -- Dedicated logic registers              ; 26    ;
;     -- I/O registers                          ; 0     ;
;                                               ;       ;
; Estimated ALMs:  partially or completely used ; 25    ;
;                                               ;       ;
; I/O pins                                      ; 48    ;
; Maximum fan-out node                          ; clk   ;
; Maximum fan-out                               ; 26    ;
; Total fan-out                                 ; 278   ;
; Average fan-out                               ; 2.73  ;
+-----------------------------------------------+-------+


+----------------------------------------------------------------------------------------------------------------------------------------------------------------------------------------------------------------------------------------------------------------------------------------------------+
; Analysis & Synthesis Resource Utilization by Entity                                                                                                                                                                                                                                                ;
+----------------------------------------------+-------------------+--------------+-------------------+--------------+---------+-----------+-----------+------+--------------+--------------------------------------------------------------------------------------------------------+--------------+
; Compilation Hierarchy Node                   ; LC Combinationals ; LC Registers ; Block Memory Bits ; DSP Elements ; DSP 9x9 ; DSP 18x18 ; DSP 36x36 ; Pins ; Virtual Pins ; Full Hierarchy Name                                                                                    ; Library Name ;
+----------------------------------------------+-------------------+--------------+-------------------+--------------+---------+-----------+-----------+------+--------------+--------------------------------------------------------------------------------------------------------+--------------+
; |DECODE_COMMAND                              ; 28 (6)            ; 26 (0)       ; 0                 ; 0            ; 0       ; 0         ; 0         ; 48   ; 0            ; |DECODE_COMMAND                                                                                        ; work         ;
;    |DCa:inst32|                              ; 6 (0)             ; 5 (0)        ; 0                 ; 0            ; 0       ; 0         ; 0         ; 0    ; 0            ; |DECODE_COMMAND|DCa:inst32                                                                             ;              ;
;       |lpm_counter4:inst|                    ; 5 (0)             ; 5 (0)        ; 0                 ; 0            ; 0       ; 0         ; 0         ; 0    ; 0            ; |DECODE_COMMAND|DCa:inst32|lpm_counter4:inst                                                           ; work         ;
;          |lpm_counter:lpm_counter_component| ; 5 (0)             ; 5 (0)        ; 0                 ; 0            ; 0       ; 0         ; 0         ; 0    ; 0            ; |DECODE_COMMAND|DCa:inst32|lpm_counter4:inst|lpm_counter:lpm_counter_component                         ; work         ;
;             |cntr_6pi:auto_generated|        ; 5 (5)             ; 5 (5)        ; 0                 ; 0            ; 0       ; 0         ; 0         ; 0    ; 0            ; |DECODE_COMMAND|DCa:inst32|lpm_counter4:inst|lpm_counter:lpm_counter_component|cntr_6pi:auto_generated ; work         ;
;       |lpm_decode5:inst1|                    ; 1 (0)             ; 0 (0)        ; 0                 ; 0            ; 0       ; 0         ; 0         ; 0    ; 0            ; |DECODE_COMMAND|DCa:inst32|lpm_decode5:inst1                                                           ; work         ;
;          |lpm_decode:lpm_decode_component|   ; 1 (0)             ; 0 (0)        ; 0                 ; 0            ; 0       ; 0         ; 0         ; 0    ; 0            ; |DECODE_COMMAND|DCa:inst32|lpm_decode5:inst1|lpm_decode:lpm_decode_component                           ; work         ;
;             |decode_ktf:auto_generated|      ; 1 (1)             ; 0 (0)        ; 0                 ; 0            ; 0       ; 0         ; 0         ; 0    ; 0            ; |DECODE_COMMAND|DCa:inst32|lpm_decode5:inst1|lpm_decode:lpm_decode_component|decode_ktf:auto_generated ; work         ;
;    |busmux:inst23|                           ; 13 (0)            ; 0 (0)        ; 0                 ; 0            ; 0       ; 0         ; 0         ; 0    ; 0            ; |DECODE_COMMAND|busmux:inst23                                                                          ; work         ;
;       |lpm_mux:$00000|                       ; 13 (0)            ; 0 (0)        ; 0                 ; 0            ; 0       ; 0         ; 0         ; 0    ; 0            ; |DECODE_COMMAND|busmux:inst23|lpm_mux:$00000                                                           ; work         ;
;          |mux_apc:auto_generated|            ; 13 (13)           ; 0 (0)        ; 0                 ; 0            ; 0       ; 0         ; 0         ; 0    ; 0            ; |DECODE_COMMAND|busmux:inst23|lpm_mux:$00000|mux_apc:auto_generated                                    ; work         ;
;    |busmux:inst28|                           ; 3 (0)             ; 0 (0)        ; 0                 ; 0            ; 0       ; 0         ; 0         ; 0    ; 0            ; |DECODE_COMMAND|busmux:inst28                                                                          ; work         ;
;       |lpm_mux:$00000|                       ; 3 (0)             ; 0 (0)        ; 0                 ; 0            ; 0       ; 0         ; 0         ; 0    ; 0            ; |DECODE_COMMAND|busmux:inst28|lpm_mux:$00000                                                           ; work         ;
;          |mux_pnc:auto_generated|            ; 3 (3)             ; 0 (0)        ; 0                 ; 0            ; 0       ; 0         ; 0         ; 0    ; 0            ; |DECODE_COMMAND|busmux:inst28|lpm_mux:$00000|mux_pnc:auto_generated                                    ; work         ;
;    |lpm_dff0:inst2|                          ; 0 (0)             ; 11 (0)       ; 0                 ; 0            ; 0       ; 0         ; 0         ; 0    ; 0            ; |DECODE_COMMAND|lpm_dff0:inst2                                                                         ; work         ;
;       |lpm_ff:lpm_ff_component|              ; 0 (0)             ; 11 (11)      ; 0                 ; 0            ; 0       ; 0         ; 0         ; 0    ; 0            ; |DECODE_COMMAND|lpm_dff0:inst2|lpm_ff:lpm_ff_component                                                 ; work         ;
;    |lpm_dff0:inst|                           ; 0 (0)             ; 10 (0)       ; 0                 ; 0            ; 0       ; 0         ; 0         ; 0    ; 0            ; |DECODE_COMMAND|lpm_dff0:inst                                                                          ; work         ;
;       |lpm_ff:lpm_ff_component|              ; 0 (0)             ; 10 (10)      ; 0                 ; 0            ; 0       ; 0         ; 0         ; 0    ; 0            ; |DECODE_COMMAND|lpm_dff0:inst|lpm_ff:lpm_ff_component                                                  ; work         ;
+----------------------------------------------+-------------------+--------------+-------------------+--------------+---------+-----------+-----------+------+--------------+--------------------------------------------------------------------------------------------------------+--------------+
Note: For table entries with two numbers listed, the numbers in parentheses indicate the number of resources of the given type used by the specific entity alone. The numbers listed outside of parentheses indicate the total resources of the given type used by the specific entity and all of its sub-entities in the hierarchy.


+------------------------------------------------------+
; General Register Statistics                          ;
+----------------------------------------------+-------+
; Statistic                                    ; Value ;
+----------------------------------------------+-------+
; Total registers                              ; 26    ;
; Number of registers using Synchronous Clear  ; 5     ;
; Number of registers using Synchronous Load   ; 0     ;
; Number of registers using Asynchronous Clear ; 0     ;
; Number of registers using Asynchronous Load  ; 0     ;
; Number of registers using Clock Enable       ; 21    ;
; Number of registers using Preset             ; 0     ;
+----------------------------------------------+-------+


+---------------------------------------------------------------------------------------+
; Source assignments for DCa:inst32|lpm_counter4:inst|lpm_counter:lpm_counter_component ;
+---------------------------+-------+------+--------------------------------------------+
; Assignment                ; Value ; From ; To                                         ;
+---------------------------+-------+------+--------------------------------------------+
; SUPPRESS_DA_RULE_INTERNAL ; a101  ; -    ; -                                          ;
; SUPPRESS_DA_RULE_INTERNAL ; s102  ; -    ; -                                          ;
; SUPPRESS_DA_RULE_INTERNAL ; s103  ; -    ; -                                          ;
+---------------------------+-------+------+--------------------------------------------+


+-----------------------------------------------------------------------------------------------------------+
; Parameter Settings for User Entity Instance: DCa:inst32|lpm_decode5:inst1|lpm_decode:lpm_decode_component ;
+------------------------+------------+---------------------------------------------------------------------+
; Parameter Name         ; Value      ; Type                                                                ;
+------------------------+------------+---------------------------------------------------------------------+
; LPM_WIDTH              ; 5          ; Signed Integer                                                      ;
; LPM_DECODES            ; 32         ; Signed Integer                                                      ;
; LPM_PIPELINE           ; 0          ; Untyped                                                             ;
; CASCADE_CHAIN          ; MANUAL     ; Untyped                                                             ;
; DEVICE_FAMILY          ; Stratix II ; Untyped                                                             ;
; CBXI_PARAMETER         ; decode_ktf ; Untyped                                                             ;
; AUTO_CARRY_CHAINS      ; ON         ; AUTO_CARRY                                                          ;
; IGNORE_CARRY_BUFFERS   ; OFF        ; IGNORE_CARRY                                                        ;
; AUTO_CASCADE_CHAINS    ; ON         ; AUTO_CASCADE                                                        ;
; IGNORE_CASCADE_BUFFERS ; OFF        ; IGNORE_CASCADE                                                      ;
+------------------------+------------+---------------------------------------------------------------------+
Note: In order to hide this table in the UI and the text report file, please set the "Show Parameter Settings Tables in Synthesis Report" option in "Analysis and Synthesis Settings -> More Settings" to "Off".


+-------------------------------------------------------------------------------------------------------------+
; Parameter Settings for User Entity Instance: DCa:inst32|lpm_counter4:inst|lpm_counter:lpm_counter_component ;
+------------------------+-------------+----------------------------------------------------------------------+
; Parameter Name         ; Value       ; Type                                                                 ;
+------------------------+-------------+----------------------------------------------------------------------+
; AUTO_CARRY_CHAINS      ; ON          ; AUTO_CARRY                                                           ;
; IGNORE_CARRY_BUFFERS   ; OFF         ; IGNORE_CARRY                                                         ;
; AUTO_CASCADE_CHAINS    ; ON          ; AUTO_CASCADE                                                         ;
; IGNORE_CASCADE_BUFFERS ; OFF         ; IGNORE_CASCADE                                                       ;
; LPM_WIDTH              ; 5           ; Signed Integer                                                       ;
; LPM_DIRECTION          ; UP          ; Untyped                                                              ;
; LPM_MODULUS            ; 0           ; Untyped                                                              ;
; LPM_AVALUE             ; UNUSED      ; Untyped                                                              ;
; LPM_SVALUE             ; UNUSED      ; Untyped                                                              ;
; LPM_PORT_UPDOWN        ; PORT_UNUSED ; Untyped                                                              ;
; DEVICE_FAMILY          ; Stratix II  ; Untyped                                                              ;
; CARRY_CHAIN            ; MANUAL      ; Untyped                                                              ;
; CARRY_CHAIN_LENGTH     ; 48          ; CARRY_CHAIN_LENGTH                                                   ;
; NOT_GATE_PUSH_BACK     ; ON          ; NOT_GATE_PUSH_BACK                                                   ;
; CARRY_CNT_EN           ; SMART       ; Untyped                                                              ;
; LABWIDE_SCLR           ; ON          ; Untyped                                                              ;
; USE_NEW_VERSION        ; TRUE        ; Untyped                                                              ;
; CBXI_PARAMETER         ; cntr_6pi    ; Untyped                                                              ;
+------------------------+-------------+----------------------------------------------------------------------+
Note: In order to hide this table in the UI and the text report file, please set the "Show Parameter Settings Tables in Synthesis Report" option in "Analysis and Synthesis Settings -> More Settings" to "Off".


+-------------------------------------------------------------------------------------+
; Parameter Settings for User Entity Instance: lpm_dff0:inst2|lpm_ff:lpm_ff_component ;
+------------------------+------------+-----------------------------------------------+
; Parameter Name         ; Value      ; Type                                          ;
+------------------------+------------+-----------------------------------------------+
; LPM_WIDTH              ; 11         ; Signed Integer                                ;
; LPM_AVALUE             ; UNUSED     ; Untyped                                       ;
; LPM_SVALUE             ; UNUSED     ; Untyped                                       ;
; LPM_FFTYPE             ; DFF        ; Untyped                                       ;
; DEVICE_FAMILY          ; Stratix II ; Untyped                                       ;
; CBXI_PARAMETER         ; NOTHING    ; Untyped                                       ;
; AUTO_CARRY_CHAINS      ; ON         ; AUTO_CARRY                                    ;
; IGNORE_CARRY_BUFFERS   ; OFF        ; IGNORE_CARRY                                  ;
; AUTO_CASCADE_CHAINS    ; ON         ; AUTO_CASCADE                                  ;
; IGNORE_CASCADE_BUFFERS ; OFF        ; IGNORE_CASCADE                                ;
+------------------------+------------+-----------------------------------------------+
Note: In order to hide this table in the UI and the text report file, please set the "Show Parameter Settings Tables in Synthesis Report" option in "Analysis and Synthesis Settings -> More Settings" to "Off".


+------------------------------------------------------------------------------------------------+
; Parameter Settings for User Entity Instance: lpm_bustri4:inst8|lpm_bustri:lpm_bustri_component ;
+----------------+-------+-----------------------------------------------------------------------+
; Parameter Name ; Value ; Type                                                                  ;
+----------------+-------+-----------------------------------------------------------------------+
; LPM_WIDTH      ; 13    ; Signed Integer                                                        ;
+----------------+-------+-----------------------------------------------------------------------+
Note: In order to hide this table in the UI and the text report file, please set the "Show Parameter Settings Tables in Synthesis Report" option in "Analysis and Synthesis Settings -> More Settings" to "Off".


+------------------------------------------------------------------------------------------------+
; Parameter Settings for User Entity Instance: lpm_decode2:inst1|lpm_decode:lpm_decode_component ;
+------------------------+------------+----------------------------------------------------------+
; Parameter Name         ; Value      ; Type                                                     ;
+------------------------+------------+----------------------------------------------------------+
; LPM_WIDTH              ; 4          ; Signed Integer                                           ;
; LPM_DECODES            ; 16         ; Signed Integer                                           ;
; LPM_PIPELINE           ; 0          ; Untyped                                                  ;
; CASCADE_CHAIN          ; MANUAL     ; Untyped                                                  ;
; DEVICE_FAMILY          ; Stratix II ; Untyped                                                  ;
; CBXI_PARAMETER         ; decode_ltf ; Untyped                                                  ;
; AUTO_CARRY_CHAINS      ; ON         ; AUTO_CARRY                                               ;
; IGNORE_CARRY_BUFFERS   ; OFF        ; IGNORE_CARRY                                             ;
; AUTO_CASCADE_CHAINS    ; ON         ; AUTO_CASCADE                                             ;
; IGNORE_CASCADE_BUFFERS ; OFF        ; IGNORE_CASCADE                                           ;
+------------------------+------------+----------------------------------------------------------+
Note: In order to hide this table in the UI and the text report file, please set the "Show Parameter Settings Tables in Synthesis Report" option in "Analysis and Synthesis Settings -> More Settings" to "Off".


+------------------------------------------------------------+
; Parameter Settings for User Entity Instance: BUSMUX:inst23 ;
+----------------+-------+-----------------------------------+
; Parameter Name ; Value ; Type                              ;
+----------------+-------+-----------------------------------+
; WIDTH          ; 13    ; Signed Integer                    ;
+----------------+-------+-----------------------------------+
Note: In order to hide this table in the UI and the text report file, please set the "Show Parameter Settings Tables in Synthesis Report" option in "Analysis and Synthesis Settings -> More Settings" to "Off".


+------------------------------------------------------------------------------------+
; Parameter Settings for User Entity Instance: lpm_dff0:inst|lpm_ff:lpm_ff_component ;
+------------------------+------------+----------------------------------------------+
; Parameter Name         ; Value      ; Type                                         ;
+------------------------+------------+----------------------------------------------+
; LPM_WIDTH              ; 11         ; Signed Integer                               ;
; LPM_AVALUE             ; UNUSED     ; Untyped                                      ;
; LPM_SVALUE             ; UNUSED     ; Untyped                                      ;
; LPM_FFTYPE             ; DFF        ; Untyped                                      ;
; DEVICE_FAMILY          ; Stratix II ; Untyped                                      ;
; CBXI_PARAMETER         ; NOTHING    ; Untyped                                      ;
; AUTO_CARRY_CHAINS      ; ON         ; AUTO_CARRY                                   ;
; IGNORE_CARRY_BUFFERS   ; OFF        ; IGNORE_CARRY                                 ;
; AUTO_CASCADE_CHAINS    ; ON         ; AUTO_CASCADE                                 ;
; IGNORE_CASCADE_BUFFERS ; OFF        ; IGNORE_CASCADE                               ;
+------------------------+------------+----------------------------------------------+
Note: In order to hide this table in the UI and the text report file, please set the "Show Parameter Settings Tables in Synthesis Report" option in "Analysis and Synthesis Settings -> More Settings" to "Off".


+------------------------------------------------------------------------------------------------+
; Parameter Settings for User Entity Instance: lpm_bustri3:inst5|lpm_bustri:lpm_bustri_component ;
+----------------+-------+-----------------------------------------------------------------------+
; Parameter Name ; Value ; Type                                                                  ;
+----------------+-------+-----------------------------------------------------------------------+
; LPM_WIDTH      ; 11    ; Signed Integer                                                        ;
+----------------+-------+-----------------------------------------------------------------------+
Note: In order to hide this table in the UI and the text report file, please set the "Show Parameter Settings Tables in Synthesis Report" option in "Analysis and Synthesis Settings -> More Settings" to "Off".


+------------------------------------------------------------------------------------------------+
; Parameter Settings for User Entity Instance: lpm_bustri5:inst9|lpm_bustri:lpm_bustri_component ;
+----------------+-------+-----------------------------------------------------------------------+
; Parameter Name ; Value ; Type                                                                  ;
+----------------+-------+-----------------------------------------------------------------------+
; LPM_WIDTH      ; 3     ; Signed Integer                                                        ;
+----------------+-------+-----------------------------------------------------------------------+
Note: In order to hide this table in the UI and the text report file, please set the "Show Parameter Settings Tables in Synthesis Report" option in "Analysis and Synthesis Settings -> More Settings" to "Off".


+-------------------------------------------------------------------------------------------------+
; Parameter Settings for User Entity Instance: lpm_bustri5:inst27|lpm_bustri:lpm_bustri_component ;
+----------------+-------+------------------------------------------------------------------------+
; Parameter Name ; Value ; Type                                                                   ;
+----------------+-------+------------------------------------------------------------------------+
; LPM_WIDTH      ; 3     ; Signed Integer                                                         ;
+----------------+-------+------------------------------------------------------------------------+
Note: In order to hide this table in the UI and the text report file, please set the "Show Parameter Settings Tables in Synthesis Report" option in "Analysis and Synthesis Settings -> More Settings" to "Off".


+------------------------------------------------------------+
; Parameter Settings for User Entity Instance: BUSMUX:inst28 ;
+----------------+-------+-----------------------------------+
; Parameter Name ; Value ; Type                              ;
+----------------+-------+-----------------------------------+
; WIDTH          ; 3     ; Signed Integer                    ;
+----------------+-------+-----------------------------------+
Note: In order to hide this table in the UI and the text report file, please set the "Show Parameter Settings Tables in Synthesis Report" option in "Analysis and Synthesis Settings -> More Settings" to "Off".


+-------------------------------+
; Analysis & Synthesis Messages ;
+-------------------------------+
Info: *******************************************************************
Info: Running Quartus II Analysis & Synthesis
    Info: Version 9.1 Build 222 10/21/2009 SJ Web Edition
    Info: Processing started: Sun May 12 23:54:26 2019
Info: Command: quartus_map --read_settings_files=on --write_settings_files=off KP -c KP
Warning: Tcl Script File Cache/lpm_add_sub0.qip not found
    Info: set_global_assignment -name QIP_FILE Cache/lpm_add_sub0.qip
Warning: Tcl Script File Cache/lpm_compare10.qip not found
    Info: set_global_assignment -name QIP_FILE Cache/lpm_compare10.qip
Warning: Tcl Script File ALU/lpm_mux9.qip not found
    Info: set_global_assignment -name QIP_FILE ALU/lpm_mux9.qip
Warning: Tcl Script File ALU/lpm_dff5.qip not found
    Info: set_global_assignment -name QIP_FILE ALU/lpm_dff5.qip
Warning: Tcl Script File CU/lpm_compare11.qip not found
    Info: set_global_assignment -name QIP_FILE CU/lpm_compare11.qip
Info: Found 1 design units, including 1 entities, in source file cu/cpu.bdf
    Info: Found entity 1: CPU
Info: Found 1 design units, including 1 entities, in source file alu/alu.bdf
    Info: Found entity 1: ALU
Info: Found 1 design units, including 1 entities, in source file cache/lru_cache.bdf
    Info: Found entity 1: LRU_CACHE
Info: Found 1 design units, including 1 entities, in source file cache/bank.bdf
    Info: Found entity 1: Bank
Warning: Can't analyze file -- file Cache/lpm_mux3.tdf is missing
Warning: Can't analyze file -- file Cache/lpm_mux3_inst.tdf is missing
Warning: Can't analyze file -- file Cache/lpm_mux4_inst.vhd is missing
Info: Found 2 design units, including 1 entities, in source file stack/lpm_dff0.vhd
    Info: Found design unit 1: lpm_dff0-SYN
    Info: Found entity 1: lpm_dff0
Info: Found 1 design units, including 1 entities, in source file stack/stack.bdf
    Info: Found entity 1: STACK
Info: Found 2 design units, including 1 entities, in source file stack/lpm_mux0.vhd
    Info: Found design unit 1: lpm_mux0-SYN
    Info: Found entity 1: lpm_mux0
Info: Found 2 design units, including 1 entities, in source file stack/lpm_bustri0.vhd
    Info: Found design unit 1: lpm_bustri0-SYN
    Info: Found entity 1: lpm_bustri0
Info: Found 2 design units, including 1 entities, in source file stack/lpm_decode0.vhd
    Info: Found design unit 1: lpm_decode0-SYN
    Info: Found entity 1: lpm_decode0
Info: Found 2 design units, including 1 entities, in source file stack/lpm_counter0.vhd
    Info: Found design unit 1: lpm_counter0-SYN
    Info: Found entity 1: lpm_counter0
Info: Found 2 design units, including 1 entities, in source file stack/lpm_compare0.vhd
    Info: Found design unit 1: lpm_compare0-SYN
    Info: Found entity 1: lpm_compare0
Info: Found 2 design units, including 1 entities, in source file memory/lpm_rom0.vhd
    Info: Found design unit 1: lpm_rom0-SYN
    Info: Found entity 1: lpm_rom0
Info: Found 1 design units, including 1 entities, in source file memory/rom.bdf
    Info: Found entity 1: ROM
Info: Found 2 design units, including 1 entities, in source file memory/lpm_bustri1.vhd
    Info: Found design unit 1: lpm_bustri1-SYN
    Info: Found entity 1: lpm_bustri1
Info: Found 2 design units, including 1 entities, in source file memory/lpm_ram_dq0.vhd
    Info: Found design unit 1: lpm_ram_dq0-SYN
    Info: Found entity 1: lpm_ram_dq0
Info: Found 1 design units, including 1 entities, in source file memory/ram.bdf
    Info: Found entity 1: RAM
Info: Found 1 design units, including 1 entities, in source file memory/memory.bdf
    Info: Found entity 1: MEMORY
Info: Found 2 design units, including 1 entities, in source file memory/lpm_mux1.vhd
    Info: Found design unit 1: lpm_mux1-SYN
    Info: Found entity 1: lpm_mux1
Info: Found 2 design units, including 1 entities, in source file memory/lpm_bustri2.vhd
    Info: Found design unit 1: lpm_bustri2-SYN
    Info: Found entity 1: lpm_bustri2
Info: Found 1 design units, including 1 entities, in source file ron/ron.bdf
    Info: Found entity 1: RON
Info: Found 2 design units, including 1 entities, in source file ron/lpm_dff1.vhd
    Info: Found design unit 1: lpm_dff1-SYN
    Info: Found entity 1: lpm_dff1
Info: Found 2 design units, including 1 entities, in source file ron/lpm_decode1.vhd
    Info: Found design unit 1: lpm_decode1-SYN
    Info: Found entity 1: lpm_decode1
Info: Found 2 design units, including 1 entities, in source file ron/lpm_mux2.vhd
    Info: Found design unit 1: lpm_mux2-SYN
    Info: Found entity 1: lpm_mux2
Info: Found 2 design units, including 1 entities, in source file stack/lpm_compare1.vhd
    Info: Found design unit 1: lpm_compare1-SYN
    Info: Found entity 1: lpm_compare1
Info: Found 2 design units, including 1 entities, in source file stack/lpm_counter1.vhd
    Info: Found design unit 1: lpm_counter1-SYN
    Info: Found entity 1: lpm_counter1
Info: Found 2 design units, including 1 entities, in source file stack/lpm_compare2.vhd
    Info: Found design unit 1: lpm_compare2-SYN
    Info: Found entity 1: lpm_compare2
Info: Found 1 design units, including 1 entities, in source file cache/cache.bdf
    Info: Found entity 1: CACHE
Info: Found 1 design units, including 1 entities, in source file cache/string.bdf
    Info: Found entity 1: String
Info: Found 2 design units, including 1 entities, in source file cache/lpm_decode2.vhd
    Info: Found design unit 1: lpm_decode2-SYN
    Info: Found entity 1: lpm_decode2
Info: Found 2 design units, including 1 entities, in source file cache/lpm_dff2.vhd
    Info: Found design unit 1: lpm_dff2-SYN
    Info: Found entity 1: lpm_dff2
Info: Found 2 design units, including 1 entities, in source file cache/lpm_mux5.vhd
    Info: Found design unit 1: lpm_mux5-SYN
    Info: Found entity 1: lpm_mux5
Info: Found 2 design units, including 1 entities, in source file cache/lpm_mux3.vhd
    Info: Found design unit 1: lpm_mux3-SYN
    Info: Found entity 1: lpm_mux3
Info: Found 2 design units, including 1 entities, in source file cache/lpm_dff3.vhd
    Info: Found design unit 1: lpm_dff3-SYN
    Info: Found entity 1: lpm_dff3
Info: Found 1 design units, including 1 entities, in source file cache/decode_set_of.bdf
    Info: Found entity 1: Decode_Set_Of
Info: Found 2 design units, including 1 entities, in source file cache/lpm_decode3.vhd
    Info: Found design unit 1: lpm_decode3-SYN
    Info: Found entity 1: lpm_decode3
Info: Found 2 design units, including 1 entities, in source file cache/lpm_mux6.vhd
    Info: Found design unit 1: lpm_mux6-SYN
    Info: Found entity 1: lpm_mux6
Info: Found 2 design units, including 1 entities, in source file cache/lpm_mux7.vhd
    Info: Found design unit 1: lpm_mux7-SYN
    Info: Found entity 1: lpm_mux7
Info: Found 2 design units, including 1 entities, in source file cache/lpm_mux8.vhd
    Info: Found design unit 1: lpm_mux8-SYN
    Info: Found entity 1: lpm_mux8
Info: Found 2 design units, including 1 entities, in source file cache/lpm_bustri3.vhd
    Info: Found design unit 1: lpm_bustri3-SYN
    Info: Found entity 1: lpm_bustri3
Info: Found 1 design units, including 1 entities, in source file cache/banks_memory.bdf
    Info: Found entity 1: Banks_Memory
Info: Found 2 design units, including 1 entities, in source file cache/lpm_mux9.vhd
    Info: Found design unit 1: lpm_mux9-SYN
    Info: Found entity 1: lpm_mux9
Info: Found 2 design units, including 1 entities, in source file cache/lpm_counter2.vhd
    Info: Found design unit 1: lpm_counter2-SYN
    Info: Found entity 1: lpm_counter2
Info: Found 2 design units, including 1 entities, in source file cache/lpm_compare3.vhd
    Info: Found design unit 1: lpm_compare3-SYN
    Info: Found entity 1: lpm_compare3
Info: Found 2 design units, including 1 entities, in source file cache/lpm_constant0.vhd
    Info: Found design unit 1: lpm_constant0-SYN
    Info: Found entity 1: lpm_constant0
Info: Found 2 design units, including 1 entities, in source file cache/lpm_compare4.vhd
    Info: Found design unit 1: lpm_compare4-SYN
    Info: Found entity 1: lpm_compare4
Info: Found 2 design units, including 1 entities, in source file cache/lpm_compare5.vhd
    Info: Found design unit 1: lpm_compare5-SYN
    Info: Found entity 1: lpm_compare5
Info: Found 1 design units, including 1 entities, in source file cache/set_lru.bdf
    Info: Found entity 1: Set_lru
Info: Found 2 design units, including 1 entities, in source file cache/lpm_dff4.vhd
    Info: Found design unit 1: lpm_dff4-SYN
    Info: Found entity 1: lpm_dff4
Info: Found 1 design units, including 1 entities, in source file cache/coder.bdf
    Info: Found entity 1: CODER
Info: Found 2 design units, including 1 entities, in source file cache/lpm_decode4.vhd
    Info: Found design unit 1: lpm_decode4-SYN
    Info: Found entity 1: lpm_decode4
Info: Found 2 design units, including 1 entities, in source file cache/lpm_counter4.vhd
    Info: Found design unit 1: lpm_counter4-SYN
    Info: Found entity 1: lpm_counter4
Info: Found 2 design units, including 1 entities, in source file cache/lpm_compare7.vhd
    Info: Found design unit 1: lpm_compare7-SYN
    Info: Found entity 1: lpm_compare7
Info: Found 2 design units, including 1 entities, in source file cache/lpm_compare8.vhd
    Info: Found design unit 1: lpm_compare8-SYN
    Info: Found entity 1: lpm_compare8
Info: Found 2 design units, including 1 entities, in source file cache/lpm_add_sub1.vhd
    Info: Found design unit 1: lpm_add_sub1-SYN
    Info: Found entity 1: lpm_add_sub1
Info: Found 2 design units, including 1 entities, in source file cache/lpm_add_sub2.vhd
    Info: Found design unit 1: lpm_add_sub2-SYN
    Info: Found entity 1: lpm_add_sub2
Info: Found 2 design units, including 1 entities, in source file cache/lpm_compare9.vhd
    Info: Found design unit 1: lpm_compare9-SYN
    Info: Found entity 1: lpm_compare9
Info: Found 2 design units, including 1 entities, in source file memory/lpm_dff5.vhd
    Info: Found design unit 1: lpm_dff5-SYN
    Info: Found entity 1: lpm_dff5
Info: Found 1 design units, including 1 entities, in source file alu/dca.bdf
    Info: Found entity 1: DCa
Info: Found 2 design units, including 1 entities, in source file alu/lpm_decode5.vhd
    Info: Found design unit 1: lpm_decode5-SYN
    Info: Found entity 1: lpm_decode5
Info: Found 2 design units, including 1 entities, in source file alu/lpm_compare10.vhd
    Info: Found design unit 1: lpm_compare10-SYN
    Info: Found entity 1: lpm_compare10
Info: Found 2 design units, including 1 entities, in source file alu/lpm_add_sub0.vhd
    Info: Found design unit 1: lpm_add_sub0-SYN
    Info: Found entity 1: lpm_add_sub0
Info: Found 2 design units, including 1 entities, in source file alu/lpm_or0.vhd
    Info: Found design unit 1: lpm_or0-SYN
    Info: Found entity 1: lpm_or0
Info: Found 2 design units, including 1 entities, in source file alu/lpm_inv0.vhd
    Info: Found design unit 1: lpm_inv0-SYN
    Info: Found entity 1: lpm_inv0
Info: Found 2 design units, including 1 entities, in source file alu/lpm_mux10.vhd
    Info: Found design unit 1: lpm_mux10-SYN
    Info: Found entity 1: lpm_mux10
Info: Found 2 design units, including 1 entities, in source file alu/lpm_shiftreg0.vhd
    Info: Found design unit 1: lpm_shiftreg0-SYN
    Info: Found entity 1: lpm_shiftreg0
Info: Found 2 design units, including 1 entities, in source file alu/lpm_compare6.vhd
    Info: Found design unit 1: lpm_compare6-SYN
    Info: Found entity 1: lpm_compare6
Info: Found 2 design units, including 1 entities, in source file alu/lpm_dff6.vhd
    Info: Found design unit 1: lpm_dff6-SYN
    Info: Found entity 1: lpm_dff6
Info: Found 1 design units, including 1 entities, in source file cu/decode_command.bdf
    Info: Found entity 1: DECODE_COMMAND
Info: Found 2 design units, including 1 entities, in source file cu/lpm_bustri4.vhd
    Info: Found design unit 1: lpm_bustri4-SYN
    Info: Found entity 1: lpm_bustri4
Info: Found 2 design units, including 1 entities, in source file cu/lpm_bustri5.vhd
    Info: Found design unit 1: lpm_bustri5-SYN
    Info: Found entity 1: lpm_bustri5
Info: Found 1 design units, including 1 entities, in source file cu/cu.bdf
    Info: Found entity 1: CU
Info: Found 2 design units, including 1 entities, in source file cu/lpm_counter5.vhd
    Info: Found design unit 1: lpm_counter5-SYN
    Info: Found entity 1: lpm_counter5
Info: Found 2 design units, including 1 entities, in source file cu/lpm_counter6.vhd
    Info: Found design unit 1: lpm_counter6-SYN
    Info: Found entity 1: lpm_counter6
Info: Found 2 design units, including 1 entities, in source file cu/lpm_or1.vhd
    Info: Found design unit 1: lpm_or1-SYN
    Info: Found entity 1: lpm_or1
Info: Found 2 design units, including 1 entities, in source file cu/lpm_decode6.vhd
    Info: Found design unit 1: lpm_decode6-SYN
    Info: Found entity 1: lpm_decode6
Info: Found 2 design units, including 1 entities, in source file cu/lpm_dff7.vhd
    Info: Found design unit 1: lpm_dff7-SYN
    Info: Found entity 1: lpm_dff7
Info: Found 1 design units, including 1 entities, in source file test/test_cu.bdf
    Info: Found entity 1: Test_CU
Info: Found 2 design units, including 1 entities, in source file cu/lpm_compare12.vhd
    Info: Found design unit 1: lpm_compare12-SYN
    Info: Found entity 1: lpm_compare12
Info: Found 2 design units, including 1 entities, in source file cu/lpm_compare13.vhd
    Info: Found design unit 1: lpm_compare13-SYN
    Info: Found entity 1: lpm_compare13
Info: Found 2 design units, including 1 entities, in source file cache/lpm_compare11.vhd
    Info: Found design unit 1: lpm_compare11-SYN
    Info: Found entity 1: lpm_compare11
Info: Found 2 design units, including 1 entities, in source file cu/lpm_add_sub3.vhd
    Info: Found design unit 1: lpm_add_sub3-SYN
    Info: Found entity 1: lpm_add_sub3
Info: Elaborating entity "DECODE_COMMAND" for the top level hierarchy
Info: Elaborating entity "DCa" for hierarchy "DCa:inst32"
Info: Elaborating entity "lpm_decode5" for hierarchy "DCa:inst32|lpm_decode5:inst1"
Info: Elaborating entity "lpm_decode" for hierarchy "DCa:inst32|lpm_decode5:inst1|lpm_decode:lpm_decode_component"
Info: Elaborated megafunction instantiation "DCa:inst32|lpm_decode5:inst1|lpm_decode:lpm_decode_component"
Info: Instantiated megafunction "DCa:inst32|lpm_decode5:inst1|lpm_decode:lpm_decode_component" with the following parameter:
    Info: Parameter "lpm_decodes" = "32"
    Info: Parameter "lpm_type" = "LPM_DECODE"
    Info: Parameter "lpm_width" = "5"
Info: Found 1 design units, including 1 entities, in source file db/decode_ktf.tdf
    Info: Found entity 1: decode_ktf
Info: Elaborating entity "decode_ktf" for hierarchy "DCa:inst32|lpm_decode5:inst1|lpm_decode:lpm_decode_component|decode_ktf:auto_generated"
Info: Elaborating entity "lpm_counter4" for hierarchy "DCa:inst32|lpm_counter4:inst"
Info: Elaborating entity "lpm_counter" for hierarchy "DCa:inst32|lpm_counter4:inst|lpm_counter:lpm_counter_component"
Info: Elaborated megafunction instantiation "DCa:inst32|lpm_counter4:inst|lpm_counter:lpm_counter_component"
Info: Instantiated megafunction "DCa:inst32|lpm_counter4:inst|lpm_counter:lpm_counter_component" with the following parameter:
    Info: Parameter "lpm_direction" = "UP"
    Info: Parameter "lpm_port_updown" = "PORT_UNUSED"
    Info: Parameter "lpm_type" = "LPM_COUNTER"
    Info: Parameter "lpm_width" = "5"
Info: Found 1 design units, including 1 entities, in source file db/cntr_6pi.tdf
    Info: Found entity 1: cntr_6pi
Info: Elaborating entity "cntr_6pi" for hierarchy "DCa:inst32|lpm_counter4:inst|lpm_counter:lpm_counter_component|cntr_6pi:auto_generated"
Info: Elaborating entity "lpm_dff0" for hierarchy "lpm_dff0:inst2"
Info: Elaborating entity "lpm_ff" for hierarchy "lpm_dff0:inst2|lpm_ff:lpm_ff_component"
Info: Elaborated megafunction instantiation "lpm_dff0:inst2|lpm_ff:lpm_ff_component"
Info: Instantiated megafunction "lpm_dff0:inst2|lpm_ff:lpm_ff_component" with the following parameter:
    Info: Parameter "lpm_fftype" = "DFF"
    Info: Parameter "lpm_type" = "LPM_FF"
    Info: Parameter "lpm_width" = "11"
Info: Elaborating entity "lpm_bustri4" for hierarchy "lpm_bustri4:inst8"
Info: Elaborating entity "lpm_bustri" for hierarchy "lpm_bustri4:inst8|lpm_bustri:lpm_bustri_component"
Info: Elaborated megafunction instantiation "lpm_bustri4:inst8|lpm_bustri:lpm_bustri_component"
Info: Instantiated megafunction "lpm_bustri4:inst8|lpm_bustri:lpm_bustri_component" with the following parameter:
    Info: Parameter "lpm_type" = "LPM_BUSTRI"
    Info: Parameter "lpm_width" = "13"
Info: Elaborating entity "lpm_decode2" for hierarchy "lpm_decode2:inst1"
Info: Elaborating entity "lpm_decode" for hierarchy "lpm_decode2:inst1|lpm_decode:lpm_decode_component"
Info: Elaborated megafunction instantiation "lpm_decode2:inst1|lpm_decode:lpm_decode_component"
Info: Instantiated megafunction "lpm_decode2:inst1|lpm_decode:lpm_decode_component" with the following parameter:
    Info: Parameter "lpm_decodes" = "16"
    Info: Parameter "lpm_type" = "LPM_DECODE"
    Info: Parameter "lpm_width" = "4"
Info: Found 1 design units, including 1 entities, in source file db/decode_ltf.tdf
    Info: Found entity 1: decode_ltf
Info: Elaborating entity "decode_ltf" for hierarchy "lpm_decode2:inst1|lpm_decode:lpm_decode_component|decode_ltf:auto_generated"
Info: Elaborating entity "BUSMUX" for hierarchy "BUSMUX:inst23"
Info: Elaborated megafunction instantiation "BUSMUX:inst23"
Info: Instantiated megafunction "BUSMUX:inst23" with the following parameter:
    Info: Parameter "WIDTH" = "13"
Info: Elaborating entity "lpm_mux" for hierarchy "BUSMUX:inst23|lpm_mux:$00000"
Info: Elaborated megafunction instantiation "BUSMUX:inst23|lpm_mux:$00000", which is child of megafunction instantiation "BUSMUX:inst23"
Info: Found 1 design units, including 1 entities, in source file db/mux_apc.tdf
    Info: Found entity 1: mux_apc
Info: Elaborating entity "mux_apc" for hierarchy "BUSMUX:inst23|lpm_mux:$00000|mux_apc:auto_generated"
Info: Elaborating entity "lpm_bustri3" for hierarchy "lpm_bustri3:inst5"
Info: Elaborating entity "lpm_bustri" for hierarchy "lpm_bustri3:inst5|lpm_bustri:lpm_bustri_component"
Info: Elaborated megafunction instantiation "lpm_bustri3:inst5|lpm_bustri:lpm_bustri_component"
Info: Instantiated megafunction "lpm_bustri3:inst5|lpm_bustri:lpm_bustri_component" with the following parameter:
    Info: Parameter "lpm_type" = "LPM_BUSTRI"
    Info: Parameter "lpm_width" = "11"
Info: Elaborating entity "lpm_bustri5" for hierarchy "lpm_bustri5:inst9"
Info: Elaborating entity "lpm_bustri" for hierarchy "lpm_bustri5:inst9|lpm_bustri:lpm_bustri_component"
Info: Elaborated megafunction instantiation "lpm_bustri5:inst9|lpm_bustri:lpm_bustri_component"
Info: Instantiated megafunction "lpm_bustri5:inst9|lpm_bustri:lpm_bustri_component" with the following parameter:
    Info: Parameter "lpm_type" = "LPM_BUSTRI"
    Info: Parameter "lpm_width" = "3"
Info: Elaborating entity "BUSMUX" for hierarchy "BUSMUX:inst28"
Info: Elaborated megafunction instantiation "BUSMUX:inst28"
Info: Instantiated megafunction "BUSMUX:inst28" with the following parameter:
    Info: Parameter "WIDTH" = "3"
Info: Elaborating entity "lpm_mux" for hierarchy "BUSMUX:inst28|lpm_mux:$00000"
Info: Elaborated megafunction instantiation "BUSMUX:inst28|lpm_mux:$00000", which is child of megafunction instantiation "BUSMUX:inst28"
Info: Found 1 design units, including 1 entities, in source file db/mux_pnc.tdf
    Info: Found entity 1: mux_pnc
Info: Elaborating entity "mux_pnc" for hierarchy "BUSMUX:inst28|lpm_mux:$00000|mux_pnc:auto_generated"
Warning: Ignored assignments for entity "KP" -- entity does not exist in design
    Warning: Assignment for entity set_global_assignment -name LL_ROOT_REGION ON -entity KP -section_id "Root Region" was ignored
    Warning: Assignment for entity set_global_assignment -name LL_MEMBER_STATE LOCKED -entity KP -section_id "Root Region" was ignored
Info: Implemented 97 device resources after synthesis - the final resource count might be different
    Info: Implemented 13 input pins
    Info: Implemented 35 output pins
    Info: Implemented 49 logic cells
Info: Quartus II Analysis & Synthesis was successful. 0 errors, 11 warnings
    Info: Peak virtual memory: 244 megabytes
    Info: Processing ended: Sun May 12 23:54:29 2019
    Info: Elapsed time: 00:00:03
    Info: Total CPU time (on all processors): 00:00:03


